2021/06/04 09:22:16 App Go started
2021/06/04 09:22:54 App Go started
2021/06/04 09:38:30 App Go started
2021/06/04 09:43:38 App Go started
2021/06/04 09:44:00 web sock created Url %s 1622789028044_771.290167394521
2021/06/04 09:44:04 Url is: %s %s SystemInfo undefined
2021/06/04 09:44:04 Url is: %s %s Software undefined
2021/06/04 09:44:05 Url is: %s %s %s 1622789028044_771.290167394521 undefined 
2021/06/04 09:44:10 ping sent
2021/06/04 09:44:10 pong received 
2021/06/04 09:44:12 Url is: %s %s SystemInfo KRT/HOMEPC
2021/06/04 09:44:12 Url is: %s %s Software KRT/HOMEPC
2021/06/04 09:44:12 Url is: %s %s %s 1622789028044_771.290167394521 KRT/HOMEPC undefined
2021/06/04 09:44:12 removed absent connection for  %s 1622789028044_771.290167394521
2021/06/04 09:44:20 ping sent
2021/06/04 09:44:20 pong received 
2021/06/04 09:44:30 ping sent
2021/06/04 09:44:30 pong received 
2021/06/04 09:44:40 ping sent
2021/06/04 09:44:40 pong received 
2021/06/04 09:44:50 ping sent
2021/06/04 09:44:50 pong received 
2021/06/04 09:45:00 ping sent
2021/06/04 09:45:00 pong received 
2021/06/04 09:45:10 ping sent
2021/06/04 09:45:10 pong received 
2021/06/04 09:45:20 ping sent
2021/06/04 09:45:20 pong received 
2021/06/04 09:45:30 ping sent
2021/06/04 09:45:30 pong received 
2021/06/04 09:45:40 ping sent
2021/06/04 09:45:40 pong received 
2021/06/04 09:45:50 ping sent
2021/06/04 09:45:50 pong received 
2021/06/04 09:46:00 ping sent
2021/06/04 09:46:00 pong received 
2021/06/04 09:46:10 ping sent
2021/06/04 09:46:10 pong received 
2021/06/04 09:46:20 ping sent
2021/06/04 09:46:20 pong received 
2021/06/04 09:46:30 ping sent
2021/06/04 09:46:30 pong received 
2021/06/04 09:46:40 ping sent
2021/06/04 09:46:40 pong received 
2021/06/04 09:46:50 ping sent
2021/06/04 09:46:50 pong received 
2021/06/04 09:47:00 ping sent
2021/06/04 09:47:00 pong received 
2021/06/04 09:47:10 ping sent
2021/06/04 09:47:10 pong received 
2021/06/04 09:47:20 ping sent
2021/06/04 09:47:20 pong received 
2021/06/04 09:47:30 ping sent
2021/06/04 09:47:30 pong received 
2021/06/04 09:47:40 ping sent
2021/06/04 09:47:40 pong received 
2021/06/04 09:47:50 ping sent
2021/06/04 09:47:50 pong received 
2021/06/04 09:48:00 ping sent
2021/06/04 09:48:00 pong received 
2021/06/04 09:48:10 ping sent
2021/06/04 09:48:10 pong received 
2021/06/04 09:48:20 ping sent
2021/06/04 09:48:20 pong received 
2021/06/04 09:48:30 ping sent
2021/06/04 09:48:30 pong received 
2021/06/04 09:48:40 ping sent
2021/06/04 09:48:40 pong received 
2021/06/04 09:48:50 ping sent
2021/06/04 09:48:50 pong received 
2021/06/04 09:49:00 ping sent
2021/06/04 09:49:00 pong received 
2021/06/04 09:49:10 ping sent
2021/06/04 09:49:10 pong received 
2021/06/04 09:49:20 ping sent
2021/06/04 09:49:20 pong received 
2021/06/04 09:49:30 ping sent
2021/06/04 09:49:30 pong received 
2021/06/04 09:49:40 ping sent
2021/06/04 09:49:40 pong received 
2021/06/04 09:49:50 ping sent
2021/06/04 09:49:50 pong received 
2021/06/04 09:50:00 ping sent
2021/06/04 09:50:00 pong received 
2021/06/04 09:50:10 ping sent
2021/06/04 09:50:10 pong received 
2021/06/04 09:50:20 ping sent
2021/06/04 09:50:20 pong received 
2021/06/04 09:50:30 ping sent
2021/06/04 09:50:30 pong received 
2021/06/04 09:50:40 ping sent
2021/06/04 09:50:40 pong received 
2021/06/04 09:50:50 ping sent
2021/06/04 09:50:50 pong received 
2021/06/04 09:51:00 ping sent
2021/06/04 09:51:00 pong received 
2021/06/04 09:51:10 ping sent
2021/06/04 09:51:10 pong received 
2021/06/04 09:51:20 ping sent
2021/06/04 09:51:20 pong received 
2021/06/04 09:51:30 ping sent
2021/06/04 09:51:30 pong received 
2021/06/04 09:51:40 ping sent
2021/06/04 09:51:40 pong received 
2021/06/04 09:51:50 ping sent
2021/06/04 09:51:50 pong received 
2021/06/04 09:52:00 ping sent
2021/06/04 09:52:00 pong received 
2021/06/04 09:52:10 ping sent
2021/06/04 09:52:10 pong received 
2021/06/04 09:52:20 ping sent
2021/06/04 09:52:20 pong received 
2021/06/04 09:52:30 ping sent
2021/06/04 09:52:30 pong received 
2021/06/04 09:52:40 ping sent
2021/06/04 09:52:40 pong received 
2021/06/04 09:52:50 ping sent
2021/06/04 09:52:50 pong received 
2021/06/04 09:53:00 ping sent
2021/06/04 09:53:00 pong received 
2021/06/04 09:53:10 ping sent
2021/06/04 09:53:10 pong received 
2021/06/04 09:53:20 ping sent
2021/06/04 09:53:20 pong received 
2021/06/04 09:53:30 ping sent
2021/06/04 09:53:30 pong received 
2021/06/04 09:53:40 ping sent
2021/06/04 09:53:40 pong received 
2021/06/04 09:53:50 ping sent
2021/06/04 09:53:50 pong received 
2021/06/04 09:54:00 ping sent
2021/06/04 09:54:00 pong received 
2021/06/04 09:54:10 ping sent
2021/06/04 09:54:10 pong received 
2021/06/04 09:54:20 ping sent
2021/06/04 09:54:20 pong received 
2021/06/04 09:54:30 ping sent
2021/06/04 09:54:30 pong received 
2021/06/04 09:54:40 ping sent
2021/06/04 09:54:40 pong received 
2021/06/04 09:54:50 ping sent
2021/06/04 09:54:50 pong received 
2021/06/04 09:55:00 ping sent
2021/06/04 09:55:00 pong received 
2021/06/04 09:55:10 ping sent
2021/06/04 09:55:10 pong received 
2021/06/04 09:55:20 ping sent
2021/06/04 09:55:20 pong received 
2021/06/04 09:55:30 ping sent
2021/06/04 09:55:30 pong received 
2021/06/04 09:55:40 ping sent
2021/06/04 09:55:40 pong received 
2021/06/04 09:55:50 ping sent
2021/06/04 09:55:50 pong received 
2021/06/04 09:56:00 ping sent
2021/06/04 09:56:00 pong received 
2021/06/04 09:56:10 ping sent
2021/06/04 09:56:10 pong received 
2021/06/04 09:56:20 ping sent
2021/06/04 09:56:20 pong received 
2021/06/04 09:56:30 ping sent
2021/06/04 09:56:30 pong received 
2021/06/04 09:56:40 ping sent
2021/06/04 09:56:40 pong received 
2021/06/04 09:56:50 ping sent
2021/06/04 09:56:50 pong received 
2021/06/04 09:57:00 ping sent
2021/06/04 09:57:00 pong received 
2021/06/04 09:57:10 ping sent
2021/06/04 09:57:10 pong received 
2021/06/04 09:57:20 ping sent
2021/06/04 09:57:20 pong received 
2021/06/04 09:57:30 ping sent
2021/06/04 09:57:30 pong received 
2021/06/04 09:57:40 ping sent
2021/06/04 09:57:40 pong received 
2021/06/04 09:57:50 ping sent
2021/06/04 09:57:50 pong received 
2021/06/04 09:58:00 ping sent
2021/06/04 09:58:00 pong received 
2021/06/04 09:58:10 ping sent
2021/06/04 09:58:10 pong received 
2021/06/04 09:58:20 ping sent
2021/06/04 09:58:20 pong received 
2021/06/04 09:58:30 ping sent
2021/06/04 09:58:30 pong received 
2021/06/04 09:58:40 ping sent
2021/06/04 09:58:40 pong received 
2021/06/04 09:58:50 ping sent
2021/06/04 09:58:50 pong received 
2021/06/04 09:59:00 ping sent
2021/06/04 09:59:00 pong received 
2021/06/04 09:59:10 ping sent
2021/06/04 09:59:10 pong received 
2021/06/04 09:59:20 ping sent
2021/06/04 09:59:20 pong received 
2021/06/04 09:59:30 ping sent
2021/06/04 09:59:30 pong received 
2021/06/04 09:59:40 ping sent
2021/06/04 09:59:40 pong received 
2021/06/04 09:59:41 web sock created Url %s 1622789028044_771.290167394521
2021/06/04 09:59:48 web sock created Url %s 1622789987544_615.6983420501241
2021/06/04 09:59:56 Url is: %s %s SystemInfo KRT/HOMEPC
2021/06/04 09:59:56 Url is: %s %s Software KRT/HOMEPC
2021/06/04 09:59:56 Url is: %s %s %s 1622789987544_615.6983420501241 KRT/HOMEPC 
2021/06/04 09:59:58 ping sent
2021/06/04 09:59:58 pong received 
2021/06/04 10:00:08 ping sent
2021/06/04 10:00:08 pong received 
2021/06/04 10:00:18 ping sent
2021/06/04 10:00:18 pong received 
2021/06/04 10:00:28 ping sent
2021/06/04 10:00:28 pong received 
2021/06/04 10:00:38 ping sent
2021/06/04 10:00:38 pong received 
2021/06/04 10:00:48 ping sent
2021/06/04 10:00:48 pong received 
2021/06/04 10:00:58 ping sent
2021/06/04 10:00:58 pong received 
2021/06/04 10:01:08 ping sent
2021/06/04 10:01:08 pong received 
2021/06/04 10:01:18 ping sent
2021/06/04 10:01:18 pong received 
2021/06/04 10:01:28 ping sent
2021/06/04 10:01:28 pong received 
2021/06/04 10:01:38 ping sent
2021/06/04 10:01:38 pong received 
2021/06/04 10:01:48 ping sent
2021/06/04 10:01:48 pong received 
2021/06/04 10:01:58 ping sent
2021/06/04 10:01:58 pong received 
2021/06/04 10:02:08 ping sent
2021/06/04 10:02:08 pong received 
2021/06/04 10:02:18 ping sent
2021/06/04 10:02:18 pong received 
2021/06/04 10:02:28 ping sent
2021/06/04 10:02:28 pong received 
2021/06/04 10:02:38 ping sent
2021/06/04 10:02:38 pong received 
2021/06/04 10:02:48 ping sent
2021/06/04 10:02:48 pong received 
2021/06/04 10:02:58 ping sent
2021/06/04 10:02:58 pong received 
2021/06/04 10:03:08 ping sent
2021/06/04 10:03:08 pong received 
2021/06/04 10:03:18 ping sent
2021/06/04 10:03:18 pong received 
2021/06/04 10:03:28 ping sent
2021/06/04 10:03:28 pong received 
2021/06/04 10:03:38 ping sent
2021/06/04 10:03:38 pong received 
2021/06/04 10:03:48 ping sent
2021/06/04 10:03:48 pong received 
2021/06/04 10:03:58 ping sent
2021/06/04 10:03:58 pong received 
2021/06/04 10:04:08 ping sent
2021/06/04 10:04:08 pong received 
2021/06/04 10:04:18 ping sent
2021/06/04 10:04:18 pong received 
2021/06/04 10:04:28 ping sent
2021/06/04 10:04:28 pong received 
2021/06/04 10:04:38 ping sent
2021/06/04 10:04:38 pong received 
2021/06/04 10:04:48 ping sent
2021/06/04 10:04:48 pong received 
2021/06/04 10:04:58 ping sent
2021/06/04 10:04:58 pong received 
2021/06/04 10:05:08 ping sent
2021/06/04 10:05:08 pong received 
2021/06/04 10:05:18 ping sent
2021/06/04 10:05:18 pong received 
2021/06/04 10:05:28 ping sent
2021/06/04 10:05:28 pong received 
2021/06/04 10:05:38 ping sent
2021/06/04 10:05:38 pong received 
2021/06/04 10:05:48 ping sent
2021/06/04 10:05:48 pong received 
2021/06/04 10:05:58 ping sent
2021/06/04 10:05:58 pong received 
2021/06/04 10:06:08 ping sent
2021/06/04 10:06:08 pong received 
2021/06/04 10:06:18 ping sent
2021/06/04 10:06:18 pong received 
2021/06/04 10:06:28 ping sent
2021/06/04 10:06:28 pong received 
2021/06/04 10:06:38 ping sent
2021/06/04 10:06:38 pong received 
2021/06/04 10:06:48 ping sent
2021/06/04 10:06:48 pong received 
2021/06/04 10:06:58 ping sent
2021/06/04 10:06:58 pong received 
2021/06/04 10:07:08 ping sent
2021/06/04 10:07:08 pong received 
2021/06/04 10:07:18 ping sent
2021/06/04 10:07:18 pong received 
2021/06/04 10:07:28 ping sent
2021/06/04 10:07:28 pong received 
2021/06/04 10:07:38 ping sent
2021/06/04 10:07:38 pong received 
2021/06/04 10:07:48 ping sent
2021/06/04 10:07:48 pong received 
2021/06/04 10:07:58 ping sent
2021/06/04 10:07:58 pong received 
2021/06/04 10:08:08 ping sent
2021/06/04 10:08:08 pong received 
2021/06/04 10:08:18 ping sent
2021/06/04 10:08:18 pong received 
2021/06/04 10:08:28 ping sent
2021/06/04 10:08:28 pong received 
2021/06/04 10:08:38 ping sent
2021/06/04 10:08:38 pong received 
2021/06/04 10:08:48 ping sent
2021/06/04 10:08:48 pong received 
2021/06/04 10:08:58 ping sent
2021/06/04 10:08:58 pong received 
2021/06/04 10:09:08 ping sent
2021/06/04 10:09:08 pong received 
2021/06/04 10:09:18 ping sent
2021/06/04 10:09:18 pong received 
2021/06/04 10:09:28 ping sent
2021/06/04 10:09:28 pong received 
2021/06/04 10:09:38 ping sent
2021/06/04 10:09:38 pong received 
2021/06/04 10:09:48 ping sent
2021/06/04 10:09:48 pong received 
2021/06/04 10:09:58 ping sent
2021/06/04 10:09:58 pong received 
2021/06/04 10:10:08 ping sent
2021/06/04 10:10:08 pong received 
2021/06/04 10:10:18 ping sent
2021/06/04 10:10:18 pong received 
2021/06/04 10:10:28 ping sent
2021/06/04 10:10:28 pong received 
2021/06/04 10:10:38 ping sent
2021/06/04 10:10:38 pong received 
2021/06/04 10:10:48 ping sent
2021/06/04 10:10:48 pong received 
2021/06/04 10:10:58 ping sent
2021/06/04 10:10:58 pong received 
2021/06/04 10:11:08 ping sent
2021/06/04 10:11:08 pong received 
2021/06/04 10:11:18 ping sent
2021/06/04 10:11:18 pong received 
2021/06/04 10:11:28 ping sent
2021/06/04 10:11:28 pong received 
2021/06/04 10:11:38 ping sent
2021/06/04 10:11:38 pong received 
2021/06/04 10:11:48 ping sent
2021/06/04 10:11:48 pong received 
2021/06/04 10:11:58 ping sent
2021/06/04 10:11:58 pong received 
2021/06/04 10:12:08 ping sent
2021/06/04 10:12:08 pong received 
2021/06/04 10:12:18 ping sent
2021/06/04 10:12:18 pong received 
2021/06/04 10:12:28 ping sent
2021/06/04 10:12:28 pong received 
2021/06/04 10:12:38 ping sent
2021/06/04 10:12:38 pong received 
2021/06/04 10:12:48 ping sent
2021/06/04 10:12:48 pong received 
2021/06/04 10:12:52 Url is: %s %s %s Software 2021-05-28 00:00:00 +0000 UTC 2021-06-04 00:00:00 +0000 UTC
2021/06/04 10:12:58 ping sent
2021/06/04 10:12:58 pong received 
2021/06/04 10:13:08 ping sent
2021/06/04 10:13:08 pong received 
2021/06/04 10:13:18 ping sent
2021/06/04 10:13:18 pong received 
2021/06/04 10:13:28 ping sent
2021/06/04 10:13:28 pong received 
2021/06/04 10:13:37 Url is: %s %s %s Software 2021-04-27 00:00:00 +0000 UTC 2021-06-04 00:00:00 +0000 UTC
2021/06/04 10:13:38 ping sent
2021/06/04 10:13:38 pong received 
2021/06/04 10:13:48 ping sent
2021/06/04 10:13:48 pong received 
2021/06/04 10:13:58 ping sent
2021/06/04 10:13:58 pong received 
2021/06/04 10:14:07 Url is: %s %s %s Generators 2021-04-27 00:00:00 +0000 UTC 2021-06-04 00:00:00 +0000 UTC
2021/06/04 10:14:08 ping sent
2021/06/04 10:14:08 pong received 
2021/06/04 10:14:18 ping sent
2021/06/04 10:14:18 pong received 
2021/06/04 10:14:21 Url is: %s %s %s SystemInfo 2021-04-27 00:00:00 +0000 UTC 2021-06-04 00:00:00 +0000 UTC
2021/06/04 10:14:28 ping sent
2021/06/04 10:14:28 pong received 
2021/06/04 10:14:38 ping sent
2021/06/04 10:14:38 pong received 
2021/06/04 10:14:48 ping sent
2021/06/04 10:14:48 pong received 
2021/06/04 10:14:58 ping sent
2021/06/04 10:14:58 pong received 
2021/06/04 10:15:08 ping sent
2021/06/04 10:15:08 pong received 
2021/06/04 10:15:18 ping sent
2021/06/04 10:15:18 pong received 
2021/06/04 10:15:28 ping sent
2021/06/04 10:15:28 pong received 
2021/06/04 10:15:38 ping sent
2021/06/04 10:15:38 pong received 
2021/06/04 10:15:48 ping sent
2021/06/04 10:15:48 pong received 
2021/06/04 10:15:58 ping sent
2021/06/04 10:15:58 pong received 
2021/06/04 10:16:08 ping sent
2021/06/04 10:16:08 pong received 
2021/06/04 10:16:18 ping sent
2021/06/04 10:16:18 pong received 
2021/06/04 10:16:28 ping sent
2021/06/04 10:16:28 pong received 
2021/06/04 10:16:38 ping sent
2021/06/04 10:16:38 pong received 
2021/06/04 10:16:48 ping sent
2021/06/04 10:16:48 pong received 
2021/06/04 10:16:58 ping sent
2021/06/04 10:16:58 pong received 
2021/06/04 10:17:08 ping sent
2021/06/04 10:17:08 pong received 
2021/06/04 10:17:18 ping sent
2021/06/04 10:17:18 pong received 
2021/06/04 10:17:28 ping sent
2021/06/04 10:17:28 pong received 
2021/06/04 10:17:38 ping sent
2021/06/04 10:17:38 pong received 
2021/06/04 10:17:48 ping sent
2021/06/04 10:17:48 pong received 
2021/06/04 10:17:58 ping sent
2021/06/04 10:17:58 pong received 
2021/06/04 10:18:08 ping sent
2021/06/04 10:18:08 pong received 
2021/06/04 10:18:18 ping sent
2021/06/04 10:18:18 pong received 
2021/06/04 10:18:28 ping sent
2021/06/04 10:18:28 pong received 
2021/06/04 10:18:38 ping sent
2021/06/04 10:18:38 pong received 
2021/06/04 10:18:48 ping sent
2021/06/04 10:18:48 pong received 
2021/06/04 10:18:58 ping sent
2021/06/04 10:18:58 pong received 
2021/06/04 10:19:08 ping sent
2021/06/04 10:19:08 pong received 
2021/06/04 10:19:18 ping sent
2021/06/04 10:19:18 pong received 
2021/06/04 10:19:28 ping sent
2021/06/04 10:19:28 pong received 
2021/06/04 10:19:32  no connection for  %s 1622789028044_771.290167394521
2021/06/04 10:19:32 removed absent connection for  %s 1622789028044_771.290167394521
2021/06/04 10:19:38 ping sent
2021/06/04 10:19:38 pong received 
2021/06/04 10:19:48 ping sent
2021/06/04 10:19:48 pong received 
2021/06/04 10:19:58 ping sent
2021/06/04 10:19:58 pong received 
2021/06/04 10:20:08 ping sent
2021/06/04 10:20:08 pong received 
2021/06/04 10:20:18 ping sent
2021/06/04 10:20:18 pong received 
2021/06/04 10:20:28 ping sent
2021/06/04 10:20:28 pong received 
2021/06/04 10:20:38 ping sent
2021/06/04 10:20:38 pong received 
2021/06/04 10:20:48 ping sent
2021/06/04 10:20:48 pong received 
2021/06/04 10:20:58 ping sent
2021/06/04 10:20:58 pong received 
2021/06/04 10:21:08 ping sent
2021/06/04 10:21:08 pong received 
2021/06/04 10:21:18 ping sent
2021/06/04 10:21:18 pong received 
2021/06/04 10:21:28 ping sent
2021/06/04 10:21:28 pong received 
2021/06/04 10:21:38 ping sent
2021/06/04 10:21:38 pong received 
2021/06/04 10:21:40 Url is: %s %s SystemInfo KRT/HOMEPC
2021/06/04 10:21:40 Url is: %s %s Software KRT/HOMEPC
2021/06/04 10:21:40 Url is: %s %s %s 1622789987544_615.6983420501241 KRT/HOMEPC KRT/HOMEPC
2021/06/04 10:21:40 removed absent connection for  %s 1622789987544_615.6983420501241
2021/06/04 10:21:48 ping sent
2021/06/04 10:21:48 pong received 
2021/06/04 10:21:58 ping sent
2021/06/04 10:21:58 pong received 
2021/06/04 10:22:08 ping sent
2021/06/04 10:22:08 pong received 
2021/06/04 10:22:18 ping sent
2021/06/04 10:22:18 pong received 
2021/06/04 10:22:28 ping sent
2021/06/04 10:22:28 pong received 
2021/06/04 10:22:38 ping sent
2021/06/04 10:22:38 pong received 
2021/06/04 10:22:48 ping sent
2021/06/04 10:22:48 pong received 
2021/06/04 10:22:58 ping sent
2021/06/04 10:22:58 pong received 
2021/06/04 10:23:07 Url is: %s %s SystemInfo KRT/MYWORK2
2021/06/04 10:23:07 Url is: %s %s Software KRT/MYWORK2
2021/06/04 10:23:07 Url is: %s %s %s 1622789987544_615.6983420501241 KRT/MYWORK2 KRT/HOMEPC
2021/06/04 10:23:07 removed absent connection for  %s 1622789987544_615.6983420501241
2021/06/04 10:23:08 ping sent
2021/06/04 10:23:08 pong received 
2021/06/04 10:23:18 ping sent
2021/06/04 10:23:18 pong received 
2021/06/04 10:23:28 ping sent
2021/06/04 10:23:28 pong received 
2021/06/04 10:23:38 ping sent
2021/06/04 10:23:38 pong received 
2021/06/04 10:23:48 ping sent
2021/06/04 10:23:48 pong received 
2021/06/04 10:23:58 ping sent
2021/06/04 10:23:58 pong received 
2021/06/04 10:24:08 ping sent
2021/06/04 10:24:08 pong received 
2021/06/04 10:24:18 ping sent
2021/06/04 10:24:18 pong received 
2021/06/04 10:24:28 ping sent
2021/06/04 10:24:28 pong received 
2021/06/04 10:24:38 ping sent
2021/06/04 10:24:38 pong received 
2021/06/04 10:24:48 pong received 
2021/06/04 10:24:48 ping sent
2021/06/04 10:24:58 ping sent
2021/06/04 10:24:58 pong received 
2021/06/04 10:25:08 ping sent
2021/06/04 10:25:08 pong received 
2021/06/04 10:25:18 ping sent
2021/06/04 10:25:18 pong received 
2021/06/04 10:25:28 ping sent
2021/06/04 10:25:28 pong received 
2021/06/04 10:25:38 ping sent
2021/06/04 10:25:38 pong received 
2021/06/04 10:25:48 ping sent
2021/06/04 10:25:48 pong received 
2021/06/04 10:25:58 ping sent
2021/06/04 10:25:58 pong received 
2021/06/04 10:26:08 ping sent
2021/06/04 10:26:08 pong received 
2021/06/04 10:26:18 ping sent
2021/06/04 10:26:18 pong received 
2021/06/04 10:26:28 ping sent
2021/06/04 10:26:28 pong received 
2021/06/04 10:26:38 ping sent
2021/06/04 10:26:38 pong received 
2021/06/04 10:26:48 ping sent
2021/06/04 10:26:48 pong received 
2021/06/04 10:26:58 ping sent
2021/06/04 10:26:58 pong received 
2021/06/04 10:27:08 ping sent
2021/06/04 10:27:08 pong received 
2021/06/04 10:27:18 ping sent
2021/06/04 10:27:18 pong received 
2021/06/04 10:27:28 ping sent
2021/06/04 10:27:28 pong received 
2021/06/04 10:27:38 ping sent
2021/06/04 10:27:38 pong received 
2021/06/04 10:27:48 ping sent
2021/06/04 10:27:48 pong received 
2021/06/04 10:27:58 ping sent
2021/06/04 10:27:58 pong received 
2021/06/04 10:28:03 web sock created Url %s 1622791682754_232.72696886758837
2021/06/04 10:28:13 ping sent
2021/06/04 10:28:13 pong received 
2021/06/04 10:28:23 ping sent
2021/06/04 10:28:23 pong received 
2021/06/04 10:28:33 ping sent
2021/06/04 10:28:33 pong received 
2021/06/04 10:28:43 ping sent
2021/06/04 10:28:43 pong received 
2021/06/04 10:28:53 ping sent
2021/06/04 10:28:53 pong received 
2021/06/04 10:29:03 ping sent
2021/06/04 10:29:03 pong received 
2021/06/04 10:29:13 ping sent
2021/06/04 10:29:13 pong received 
2021/06/04 10:29:23 ping sent
2021/06/04 10:29:23 pong received 
2021/06/04 10:29:30 web sock created Url %s 1622791769404_478.2262000257251
2021/06/04 10:29:40 ping sent
2021/06/04 10:29:40 pong received 
2021/06/04 10:29:50 ping sent
2021/06/04 10:29:50 pong received 
2021/06/04 10:30:00 ping sent
2021/06/04 10:30:00 pong received 
2021/06/04 10:30:10 ping sent
2021/06/04 10:30:10 pong received 
2021/06/04 10:30:20 ping sent
2021/06/04 10:30:20 pong received 
2021/06/04 10:30:30 ping sent
2021/06/04 10:30:30 pong received 
2021/06/04 10:30:40 ping sent
2021/06/04 10:30:40 pong received 
2021/06/04 10:30:50 ping sent
2021/06/04 10:30:50 pong received 
2021/06/04 10:31:00 ping sent
2021/06/04 10:31:00 pong received 
2021/06/04 10:31:10 ping sent
2021/06/04 10:31:10 pong received 
2021/06/04 10:31:20 ping sent
2021/06/04 10:31:20 pong received 
2021/06/04 10:31:30 ping sent
2021/06/04 10:31:30 pong received 
2021/06/04 10:31:40 ping sent
2021/06/04 10:31:40 pong received 
2021/06/04 10:31:50 ping sent
2021/06/04 10:31:50 pong received 
2021/06/04 10:32:00 ping sent
2021/06/04 10:32:00 pong received 
2021/06/04 10:32:10 ping sent
2021/06/04 10:32:10 pong received 
2021/06/04 10:32:20 ping sent
2021/06/04 10:32:20 pong received 
2021/06/04 10:32:30 ping sent
2021/06/04 10:32:30 pong received 
2021/06/04 10:32:40 ping sent
2021/06/04 10:32:40 pong received 
2021/06/04 10:32:50 ping sent
2021/06/04 10:32:50 pong received 
2021/06/04 10:33:00 ping sent
2021/06/04 10:33:00 pong received 
2021/06/04 10:33:10 ping sent
2021/06/04 10:33:10 pong received 
2021/06/04 10:33:14 web sock created Url %s 1622791994243_793.5760705588561
2021/06/04 10:33:24 ping sent
2021/06/04 10:33:24 pong received 
2021/06/04 10:33:34 ping sent
2021/06/04 10:33:34 pong received 
2021/06/04 10:33:44 ping sent
2021/06/04 10:33:44 pong received 
2021/06/04 10:33:54 ping sent
2021/06/04 10:33:54 pong received 
2021/06/04 10:34:04 ping sent
2021/06/04 10:34:04 pong received 
2021/06/04 10:34:13 web sock created Url %s 1622792052730_459.98414137823687
2021/06/04 10:34:23 ping sent
2021/06/04 10:34:23 pong received 
2021/06/04 10:34:33 ping sent
2021/06/04 10:34:33 pong received 
2021/06/04 10:34:43 ping sent
2021/06/04 10:34:43 pong received 
2021/06/04 10:34:53 ping sent
2021/06/04 10:34:53 pong received 
2021/06/04 10:35:03 ping sent
2021/06/04 10:35:03 pong received 
2021/06/04 10:35:13 ping sent
2021/06/04 10:35:13 pong received 
2021/06/04 10:35:23 ping sent
2021/06/04 10:35:23 pong received 
2021/06/04 10:35:33 web sock created Url %s 1622792133129_100.84787762083525
2021/06/04 10:35:43 ping sent
2021/06/04 10:35:43 pong received 
2021/06/04 10:35:53 ping sent
2021/06/04 10:35:53 pong received 
2021/06/04 10:36:03 ping sent
2021/06/04 10:36:03 pong received 
2021/06/04 10:36:13 ping sent
2021/06/04 10:36:13 pong received 
2021/06/04 10:36:23 ping sent
2021/06/04 10:36:23 pong received 
2021/06/04 10:36:33 ping sent
2021/06/04 10:36:33 pong received 
2021/06/04 10:36:43 ping sent
2021/06/04 10:36:43 pong received 
2021/06/04 10:36:53 ping sent
2021/06/04 10:36:53 pong received 
2021/06/04 10:37:03 ping sent
2021/06/04 10:37:03 pong received 
2021/06/04 10:37:13 ping sent
2021/06/04 10:37:13 pong received 
2021/06/04 10:37:23 ping sent
2021/06/04 10:37:23 pong received 
2021/06/04 10:37:33 ping sent
2021/06/04 10:37:33 pong received 
2021/06/04 10:37:43 ping sent
2021/06/04 10:37:43 pong received 
2021/06/04 10:37:53 ping sent
2021/06/04 10:37:53 pong received 
2021/06/04 10:38:03 ping sent
2021/06/04 10:38:03 pong received 
2021/06/04 10:38:13 ping sent
2021/06/04 10:38:13 pong received 
2021/06/04 10:38:23 web sock created Url %s 1622792302361_936.6576235598185
2021/06/04 10:38:33 ping sent
2021/06/04 10:38:33 pong received 
2021/06/04 10:38:43 ping sent
2021/06/04 10:38:43 pong received 
2021/06/04 10:38:53 ping sent
2021/06/04 10:38:53 pong received 
2021/06/04 10:39:03 ping sent
2021/06/04 10:39:03 pong received 
2021/06/04 10:39:13 ping sent
2021/06/04 10:39:13 pong received 
2021/06/04 10:39:23 ping sent
2021/06/04 10:39:23 pong received 
2021/06/04 10:39:29 Url is: %s %s SystemInfo KRT/HOMEPC
2021/06/04 10:39:29 Url is: %s %s Software KRT/HOMEPC
2021/06/04 10:39:29 Url is: %s %s %s 1622792302361_936.6576235598185 KRT/HOMEPC 
2021/06/04 10:39:33 ping sent
2021/06/04 10:39:33 pong received 
2021/06/04 10:39:43 ping sent
2021/06/04 10:39:43 pong received 
2021/06/04 10:39:53 ping sent
2021/06/04 10:39:53 pong received 
2021/06/04 10:40:03 ping sent
2021/06/04 10:40:03 pong received 
2021/06/04 10:40:13 ping sent
2021/06/04 10:40:13 pong received 
2021/06/04 10:40:23 ping sent
2021/06/04 10:40:23 pong received 
2021/06/04 10:40:33 ping sent
2021/06/04 10:40:33 pong received 
2021/06/04 10:40:43 ping sent
2021/06/04 10:40:43 pong received 
2021/06/04 10:40:53 ping sent
2021/06/04 10:40:53 pong received 
2021/06/04 10:41:03 ping sent
2021/06/04 10:41:03 pong received 
2021/06/04 10:41:13 ping sent
2021/06/04 10:41:13 pong received 
2021/06/04 10:41:23 ping sent
2021/06/04 10:41:23 pong received 
2021/06/04 10:41:33 ping sent
2021/06/04 10:41:33 pong received 
2021/06/04 10:41:43 ping sent
2021/06/04 10:41:43 pong received 
2021/06/04 10:41:53 ping sent
2021/06/04 10:41:53 pong received 
2021/06/04 10:42:03 ping sent
2021/06/04 10:42:03 pong received 
2021/06/04 10:42:13 ping sent
2021/06/04 10:42:13 pong received 
2021/06/04 10:42:23 ping sent
2021/06/04 10:42:23 pong received 
2021/06/04 10:42:33 ping sent
2021/06/04 10:42:33 pong received 
2021/06/04 10:42:43 ping sent
2021/06/04 10:42:43 pong received 
2021/06/04 10:42:53 ping sent
2021/06/04 10:42:53 pong received 
2021/06/04 10:43:03 ping sent
2021/06/04 10:43:03 pong received 
2021/06/04 10:43:13 ping sent
2021/06/04 10:43:13 pong received 
2021/06/04 10:43:23 ping sent
2021/06/04 10:43:23 pong received 
2021/06/04 10:43:33 ping sent
2021/06/04 10:43:33 pong received 
2021/06/04 10:43:43 ping sent
2021/06/04 10:43:43 pong received 
2021/06/04 10:43:53 ping sent
2021/06/04 10:43:53 pong received 
2021/06/04 10:44:03 ping sent
2021/06/04 10:44:03 pong received 
2021/06/04 10:44:13 ping sent
2021/06/04 10:44:13 pong received 
2021/06/04 10:44:23 ping sent
2021/06/04 10:44:23 pong received 
2021/06/04 10:44:33 ping sent
2021/06/04 10:44:33 pong received 
2021/06/04 10:44:43 ping sent
2021/06/04 10:44:43 pong received 
2021/06/04 10:44:53 ping sent
2021/06/04 10:44:53 pong received 
2021/06/04 10:45:03 ping sent
2021/06/04 10:45:03 pong received 
2021/06/04 10:45:13 ping sent
2021/06/04 10:45:13 pong received 
2021/06/04 10:45:23 ping sent
2021/06/04 10:45:23 pong received 
2021/06/04 10:45:33 ping sent
2021/06/04 10:45:33 pong received 
2021/06/04 10:45:43 ping sent
2021/06/04 10:45:43 pong received 
2021/06/04 10:45:53 ping sent
2021/06/04 10:45:53 pong received 
2021/06/04 10:46:03 ping sent
2021/06/04 10:46:03 pong received 
2021/06/04 10:46:13 ping sent
2021/06/04 10:46:13 pong received 
2021/06/04 10:46:23 ping sent
2021/06/04 10:46:23 pong received 
2021/06/04 10:46:33 ping sent
2021/06/04 10:46:33 pong received 
2021/06/04 10:46:43 ping sent
2021/06/04 10:46:43 pong received 
2021/06/04 10:46:53 ping sent
2021/06/04 10:46:53 pong received 
2021/06/04 10:47:03 ping sent
2021/06/04 10:47:03 pong received 
2021/06/04 10:47:13 ping sent
2021/06/04 10:47:13 pong received 
2021/06/04 10:47:23 ping sent
2021/06/04 10:47:23 pong received 
2021/06/04 10:47:33 ping sent
2021/06/04 10:47:33 pong received 
2021/06/04 10:47:43 ping sent
2021/06/04 10:47:43 pong received 
2021/06/04 10:47:53 ping sent
2021/06/04 10:47:53 pong received 
2021/06/04 10:48:03 ping sent
2021/06/04 10:48:03 pong received 
2021/06/04 10:48:13 ping sent
2021/06/04 10:48:13 pong received 
2021/06/04 10:48:23 ping sent
2021/06/04 10:48:23 pong received 
2021/06/04 10:48:33 ping sent
2021/06/04 10:48:33 pong received 
2021/06/04 10:48:43 ping sent
2021/06/04 10:48:43 pong received 
2021/06/04 10:48:53 ping sent
2021/06/04 10:48:53 pong received 
2021/06/04 10:49:03 ping sent
2021/06/04 10:49:03 pong received 
2021/06/04 10:49:13 ping sent
2021/06/04 10:49:13 pong received 
2021/06/04 10:49:23 ping sent
2021/06/04 10:49:23 pong received 
2021/06/04 10:49:33 ping sent
2021/06/04 10:49:33 pong received 
2021/06/04 10:49:43 ping sent
2021/06/04 10:49:43 pong received 
2021/06/04 10:49:53 ping sent
2021/06/04 10:49:53 pong received 
2021/06/04 10:50:03 ping sent
2021/06/04 10:50:03 pong received 
2021/06/04 10:50:13 ping sent
2021/06/04 10:50:13 pong received 
2021/06/04 10:50:23 ping sent
2021/06/04 10:50:23 pong received 
2021/06/04 10:50:33 ping sent
2021/06/04 10:50:33 pong received 
2021/06/04 10:50:43 ping sent
2021/06/04 10:50:43 pong received 
2021/06/04 10:50:53 ping sent
2021/06/04 10:50:53 pong received 
2021/06/04 10:51:03 ping sent
2021/06/04 10:51:03 pong received 
2021/06/04 10:51:13 ping sent
2021/06/04 10:51:13 pong received 
2021/06/04 10:51:23 ping sent
2021/06/04 10:51:23 pong received 
2021/06/04 10:51:33 ping sent
2021/06/04 10:51:33 pong received 
2021/06/04 10:51:43 ping sent
2021/06/04 10:51:43 pong received 
2021/06/04 10:51:53 ping sent
2021/06/04 10:51:53 pong received 
2021/06/04 10:52:03 ping sent
2021/06/04 10:52:03 pong received 
2021/06/04 10:52:13 ping sent
2021/06/04 10:52:13 pong received 
2021/06/04 10:52:23 ping sent
2021/06/04 10:52:23 pong received 
2021/06/04 10:52:33 ping sent
2021/06/04 10:52:33 pong received 
2021/06/04 10:52:43 ping sent
2021/06/04 10:52:43 pong received 
2021/06/04 10:52:53 ping sent
2021/06/04 10:52:53 pong received 
2021/06/04 10:53:03 ping sent
2021/06/04 10:53:03 pong received 
2021/06/04 10:53:13 ping sent
2021/06/04 10:53:13 pong received 
2021/06/04 10:53:23 ping sent
2021/06/04 10:53:23 pong received 
2021/06/04 10:53:33 ping sent
2021/06/04 10:53:33 pong received 
2021/06/04 10:53:43 ping sent
2021/06/04 10:53:43 pong received 
2021/06/04 10:53:53 ping sent
2021/06/04 10:53:53 pong received 
2021/06/04 10:54:03 ping sent
2021/06/04 10:54:03 pong received 
2021/06/04 10:54:13 ping sent
2021/06/04 10:54:13 pong received 
2021/06/04 10:54:23 ping sent
2021/06/04 10:54:23 pong received 
2021/06/04 10:54:33 ping sent
2021/06/04 10:54:33 pong received 
2021/06/04 10:54:43 ping sent
2021/06/04 10:54:43 pong received 
2021/06/04 10:54:53 ping sent
2021/06/04 10:54:53 pong received 
2021/06/04 10:55:03 ping sent
2021/06/04 10:55:03 pong received 
2021/06/04 10:55:13 ping sent
2021/06/04 10:55:13 pong received 
2021/06/04 10:55:23 ping sent
2021/06/04 10:55:23 pong received 
2021/06/04 10:55:33 ping sent
2021/06/04 10:55:33 pong received 
2021/06/04 10:55:43 ping sent
2021/06/04 10:55:43 pong received 
2021/06/04 10:55:53 ping sent
2021/06/04 10:55:53 pong received 
2021/06/04 10:56:03 ping sent
2021/06/04 10:56:03 pong received 
2021/06/04 10:56:13 ping sent
2021/06/04 10:56:13 pong received 
2021/06/04 10:56:23 ping sent
2021/06/04 10:56:23 pong received 
2021/06/04 10:56:33 ping sent
2021/06/04 10:56:33 pong received 
2021/06/04 10:56:43 ping sent
2021/06/04 10:56:43 pong received 
2021/06/04 10:56:53 ping sent
2021/06/04 10:56:53 pong received 
2021/06/04 10:57:03 ping sent
2021/06/04 10:57:03 pong received 
2021/06/04 10:57:13 ping sent
2021/06/04 10:57:13 pong received 
2021/06/04 10:57:23 ping sent
2021/06/04 10:57:23 pong received 
2021/06/04 10:57:33 ping sent
2021/06/04 10:57:33 pong received 
2021/06/04 10:57:43 ping sent
2021/06/04 10:57:43 pong received 
2021/06/04 10:57:53 ping sent
2021/06/04 10:57:53 pong received 
2021/06/04 10:58:03 ping sent
2021/06/04 10:58:03 pong received 
2021/06/04 10:58:13 ping sent
2021/06/04 10:58:13 pong received 
2021/06/04 10:58:23 ping sent
2021/06/04 10:58:23 pong received 
2021/06/04 10:58:33 ping sent
2021/06/04 10:58:33 pong received 
2021/06/04 10:58:43 ping sent
2021/06/04 10:58:43 pong received 
2021/06/04 10:58:53 ping sent
2021/06/04 10:58:53 pong received 
2021/06/04 10:59:03 ping sent
2021/06/04 10:59:03 pong received 
2021/06/04 10:59:13 ping sent
2021/06/04 10:59:13 pong received 
2021/06/04 10:59:23 ping sent
2021/06/04 10:59:23 pong received 
2021/06/04 10:59:33 ping sent
2021/06/04 10:59:33 pong received 
2021/06/04 10:59:43 ping sent
2021/06/04 10:59:43 pong received 
2021/06/04 10:59:53 ping sent
2021/06/04 10:59:53 pong received 
2021/06/04 11:00:03 ping sent
2021/06/04 11:00:03 pong received 
2021/06/04 11:00:13 ping sent
2021/06/04 11:00:13 pong received 
2021/06/04 11:00:23 ping sent
2021/06/04 11:00:23 pong received 
2021/06/04 11:00:33 ping sent
2021/06/04 11:00:33 pong received 
2021/06/04 11:00:43 ping sent
2021/06/04 11:00:43 pong received 
2021/06/04 11:00:53 ping sent
2021/06/04 11:00:53 pong received 
2021/06/04 11:01:03 ping sent
2021/06/04 11:01:03 pong received 
2021/06/04 11:01:13 ping sent
2021/06/04 11:01:13 pong received 
2021/06/04 11:01:23 ping sent
2021/06/04 11:01:23 pong received 
2021/06/04 11:01:33 ping sent
2021/06/04 11:01:33 pong received 
2021/06/04 11:01:43 ping sent
2021/06/04 11:01:43 pong received 
2021/06/04 11:01:53 ping sent
2021/06/04 11:01:53 pong received 
2021/06/04 11:02:03 ping sent
2021/06/04 11:02:03 pong received 
2021/06/04 11:02:13 ping sent
2021/06/04 11:02:13 pong received 
2021/06/04 11:02:23 ping sent
2021/06/04 11:02:23 pong received 
2021/06/04 11:02:33 ping sent
2021/06/04 11:02:33 pong received 
2021/06/04 11:02:43 ping sent
2021/06/04 11:02:43 pong received 
2021/06/04 11:02:53 ping sent
2021/06/04 11:02:53 pong received 
2021/06/04 11:03:03 ping sent
2021/06/04 11:03:03 pong received 
2021/06/04 11:03:13 ping sent
2021/06/04 11:03:13 pong received 
2021/06/04 11:03:23 ping sent
2021/06/04 11:03:23 pong received 
2021/06/04 11:03:33 ping sent
2021/06/04 11:03:33 pong received 
2021/06/04 11:03:43 ping sent
2021/06/04 11:03:43 pong received 
2021/06/04 11:03:53 ping sent
2021/06/04 11:03:53 pong received 
2021/06/04 11:04:03 ping sent
2021/06/04 11:04:03 pong received 
2021/06/04 11:04:13 ping sent
2021/06/04 11:04:13 pong received 
2021/06/04 11:04:23 ping sent
2021/06/04 11:04:23 pong received 
2021/06/04 11:04:33 ping sent
2021/06/04 11:04:33 pong received 
2021/06/04 11:04:43 ping sent
2021/06/04 11:04:43 pong received 
2021/06/04 11:04:53 ping sent
2021/06/04 11:04:53 pong received 
2021/06/04 11:05:03 ping sent
2021/06/04 11:05:03 pong received 
2021/06/04 11:05:13 ping sent
2021/06/04 11:05:13 pong received 
2021/06/04 11:05:23 ping sent
2021/06/04 11:05:23 pong received 
2021/06/04 11:05:33 ping sent
2021/06/04 11:05:33 pong received 
2021/06/04 11:05:43 ping sent
2021/06/04 11:05:43 pong received 
2021/06/04 11:05:53 ping sent
2021/06/04 11:05:53 pong received 
2021/06/04 11:06:03 ping sent
2021/06/04 11:06:03 pong received 
2021/06/04 11:06:13 ping sent
2021/06/04 11:06:13 pong received 
2021/06/04 11:06:23 ping sent
2021/06/04 11:06:23 pong received 
2021/06/04 11:06:33 ping sent
2021/06/04 11:06:33 pong received 
2021/06/04 11:06:43 ping sent
2021/06/04 11:06:43 pong received 
2021/06/04 11:06:53 ping sent
2021/06/04 11:06:53 pong received 
2021/06/04 11:07:03 ping sent
2021/06/04 11:07:03 pong received 
2021/06/04 11:07:13 ping sent
2021/06/04 11:07:13 pong received 
2021/06/04 11:07:23 ping sent
2021/06/04 11:07:23 pong received 
2021/06/04 11:07:33 ping sent
2021/06/04 11:07:33 pong received 
2021/06/04 11:07:43 ping sent
2021/06/04 11:07:43 pong received 
2021/06/04 11:07:53 ping sent
2021/06/04 11:07:53 pong received 
2021/06/04 11:08:03 ping sent
2021/06/04 11:08:03 pong received 
2021/06/04 11:08:13 ping sent
2021/06/04 11:08:13 pong received 
2021/06/04 11:08:23 ping sent
2021/06/04 11:08:23 pong received 
2021/06/04 11:08:33 ping sent
2021/06/04 11:08:33 pong received 
2021/06/04 11:08:43 ping sent
2021/06/04 11:08:43 pong received 
2021/06/04 11:08:53 ping sent
2021/06/04 11:08:53 pong received 
2021/06/04 11:09:03 ping sent
2021/06/04 11:09:03 pong received 
2021/06/04 11:09:13 ping sent
2021/06/04 11:09:13 pong received 
2021/06/04 11:09:23 ping sent
2021/06/04 11:09:23 pong received 
2021/06/04 11:09:33 ping sent
2021/06/04 11:09:33 pong received 
2021/06/04 11:09:43 ping sent
2021/06/04 11:09:43 pong received 
2021/06/04 11:09:53 ping sent
2021/06/04 11:09:53 pong received 
2021/06/04 11:10:03 ping sent
2021/06/04 11:10:03 pong received 
2021/06/04 11:10:13 ping sent
2021/06/04 11:10:13 pong received 
2021/06/04 11:10:23 ping sent
2021/06/04 11:10:23 pong received 
2021/06/04 11:10:33 ping sent
2021/06/04 11:10:33 pong received 
2021/06/04 11:10:43 ping sent
2021/06/04 11:10:43 pong received 
2021/06/04 11:10:53 ping sent
2021/06/04 11:10:53 pong received 
2021/06/04 11:11:03 ping sent
2021/06/04 11:11:03 pong received 
2021/06/04 11:11:13 ping sent
2021/06/04 11:11:13 pong received 
2021/06/04 11:11:23 ping sent
2021/06/04 11:11:23 pong received 
2021/06/04 11:11:33 ping sent
2021/06/04 11:11:33 pong received 
2021/06/04 11:11:43 ping sent
2021/06/04 11:11:43 pong received 
2021/06/04 11:11:53 ping sent
2021/06/04 11:11:53 pong received 
2021/06/04 11:12:03 ping sent
2021/06/04 11:12:03 pong received 
2021/06/04 11:12:13 ping sent
2021/06/04 11:12:13 pong received 
2021/06/04 11:12:23 ping sent
2021/06/04 11:12:23 pong received 
2021/06/04 11:12:33 ping sent
2021/06/04 11:12:33 pong received 
2021/06/04 11:12:43 ping sent
2021/06/04 11:12:43 pong received 
2021/06/04 11:12:53 ping sent
2021/06/04 11:12:53 pong received 
2021/06/04 11:13:03 ping sent
2021/06/04 11:13:03 pong received 
2021/06/04 11:13:13 ping sent
2021/06/04 11:13:13 pong received 
2021/06/04 11:13:23 ping sent
2021/06/04 11:13:23 pong received 
2021/06/04 11:13:33 ping sent
2021/06/04 11:13:33 pong received 
2021/06/04 11:13:43 ping sent
2021/06/04 11:13:43 pong received 
2021/06/04 11:13:53 ping sent
2021/06/04 11:13:53 pong received 
2021/06/04 11:14:03 ping sent
2021/06/04 11:14:03 pong received 
2021/06/04 11:14:13 ping sent
2021/06/04 11:14:13 pong received 
2021/06/04 11:14:23 ping sent
2021/06/04 11:14:23 pong received 
2021/06/04 11:14:33 ping sent
2021/06/04 11:14:33 pong received 
2021/06/04 11:14:43 ping sent
2021/06/04 11:14:43 pong received 
2021/06/04 11:14:53 ping sent
2021/06/04 11:14:53 pong received 
2021/06/04 11:15:03 ping sent
2021/06/04 11:15:03 pong received 
2021/06/04 11:15:13 ping sent
2021/06/04 11:15:13 pong received 
2021/06/04 11:15:23 ping sent
2021/06/04 11:15:23 pong received 
2021/06/04 11:15:33 ping sent
2021/06/04 11:15:33 pong received 
2021/06/04 11:15:43 ping sent
2021/06/04 11:15:43 pong received 
2021/06/04 11:15:53 ping sent
2021/06/04 11:15:53 pong received 
2021/06/04 11:16:03 ping sent
2021/06/04 11:16:03 pong received 
2021/06/04 11:16:13 ping sent
2021/06/04 11:16:13 pong received 
2021/06/04 11:16:23 ping sent
2021/06/04 11:16:23 pong received 
2021/06/04 11:16:33 ping sent
2021/06/04 11:16:33 pong received 
2021/06/04 11:16:43 ping sent
2021/06/04 11:16:43 pong received 
2021/06/04 11:16:53 ping sent
2021/06/04 11:16:53 pong received 
2021/06/04 11:17:03 ping sent
2021/06/04 11:17:03 pong received 
2021/06/04 11:17:13 ping sent
2021/06/04 11:17:13 pong received 
2021/06/04 11:17:23 ping sent
2021/06/04 11:17:23 pong received 
2021/06/04 11:17:33 ping sent
2021/06/04 11:17:33 pong received 
2021/06/04 11:17:43 ping sent
2021/06/04 11:17:43 pong received 
2021/06/04 11:17:53 ping sent
2021/06/04 11:17:53 pong received 
2021/06/04 11:18:03 ping sent
2021/06/04 11:18:03 pong received 
2021/06/04 11:18:13 ping sent
2021/06/04 11:18:13 pong received 
2021/06/04 11:18:23 ping sent
2021/06/04 11:18:23 pong received 
2021/06/04 11:18:33 ping sent
2021/06/04 11:18:33 pong received 
2021/06/04 11:18:43 ping sent
2021/06/04 11:18:43 pong received 
2021/06/04 11:18:53 ping sent
2021/06/04 11:18:53 pong received 
2021/06/04 11:19:03 ping sent
2021/06/04 11:19:03 pong received 
2021/06/04 11:19:13 ping sent
2021/06/04 11:19:13 pong received 
2021/06/04 11:19:23 ping sent
2021/06/04 11:19:23 pong received 
2021/06/04 11:19:33 ping sent
2021/06/04 11:19:33 pong received 
2021/06/04 11:19:43 ping sent
2021/06/04 11:19:43 pong received 
2021/06/04 11:19:53 ping sent
2021/06/04 11:19:53 pong received 
2021/06/04 11:20:03 ping sent
2021/06/04 11:20:03 pong received 
2021/06/04 11:20:13 ping sent
2021/06/04 11:20:13 pong received 
2021/06/04 11:20:23 ping sent
2021/06/04 11:20:23 pong received 
2021/06/04 11:20:33 ping sent
2021/06/04 11:20:33 pong received 
2021/06/04 11:20:43 ping sent
2021/06/04 11:20:43 pong received 
2021/06/04 11:20:53 ping sent
2021/06/04 11:20:53 pong received 
2021/06/04 11:21:03 ping sent
2021/06/04 11:21:03 pong received 
2021/06/04 11:21:13 ping sent
2021/06/04 11:21:13 pong received 
2021/06/04 11:21:23 ping sent
2021/06/04 11:21:23 pong received 
2021/06/04 11:21:33 ping sent
2021/06/04 11:21:33 pong received 
2021/06/04 11:21:43 ping sent
2021/06/04 11:21:43 pong received 
2021/06/04 11:21:53 ping sent
2021/06/04 11:21:53 pong received 
2021/06/04 11:22:03 ping sent
2021/06/04 11:22:03 pong received 
2021/06/04 11:22:13 ping sent
2021/06/04 11:22:13 pong received 
2021/06/04 11:22:23 ping sent
2021/06/04 11:22:23 pong received 
2021/06/04 11:22:33 ping sent
2021/06/04 11:22:33 pong received 
2021/06/04 11:22:43 ping sent
2021/06/04 11:22:43 pong received 
2021/06/04 11:22:53 ping sent
2021/06/04 11:22:53 pong received 
2021/06/04 11:23:03 ping sent
2021/06/04 11:23:03 pong received 
2021/06/04 11:23:13 ping sent
2021/06/04 11:23:13 pong received 
2021/06/04 11:23:23 ping sent
2021/06/04 11:23:23 pong received 
2021/06/04 11:23:33 ping sent
2021/06/04 11:23:33 pong received 
2021/06/04 11:23:43 ping sent
2021/06/04 11:23:43 pong received 
2021/06/04 11:23:53 ping sent
2021/06/04 11:23:53 pong received 
2021/06/04 11:24:03 ping sent
2021/06/04 11:24:03 pong received 
2021/06/04 11:24:13 ping sent
2021/06/04 11:24:13 pong received 
2021/06/04 11:24:23 ping sent
2021/06/04 11:24:23 pong received 
2021/06/04 11:24:33 ping sent
2021/06/04 11:24:33 pong received 
2021/06/04 11:24:43 ping sent
2021/06/04 11:24:43 pong received 
2021/06/04 11:24:53 ping sent
2021/06/04 11:24:53 pong received 
2021/06/04 11:25:03 ping sent
2021/06/04 11:25:03 pong received 
2021/06/04 11:25:13 ping sent
2021/06/04 11:25:13 pong received 
2021/06/04 11:25:23 ping sent
2021/06/04 11:25:23 pong received 
2021/06/04 11:25:33 ping sent
2021/06/04 11:25:33 pong received 
2021/06/04 11:25:43 ping sent
2021/06/04 11:25:43 pong received 
2021/06/04 11:25:53 ping sent
2021/06/04 11:25:53 pong received 
2021/06/04 11:26:03 ping sent
2021/06/04 11:26:03 pong received 
2021/06/04 11:26:13 ping sent
2021/06/04 11:26:13 pong received 
2021/06/04 11:26:23 ping sent
2021/06/04 11:26:23 pong received 
2021/06/04 11:26:33 ping sent
2021/06/04 11:26:33 pong received 
2021/06/04 11:26:43 ping sent
2021/06/04 11:26:43 pong received 
2021/06/04 11:26:53 ping sent
2021/06/04 11:26:53 pong received 
2021/06/04 11:27:03 ping sent
2021/06/04 11:27:03 pong received 
2021/06/04 11:27:13 ping sent
2021/06/04 11:27:13 pong received 
2021/06/04 11:27:23 ping sent
2021/06/04 11:27:23 pong received 
2021/06/04 11:27:33 ping sent
2021/06/04 11:27:33 pong received 
2021/06/04 11:27:43 ping sent
2021/06/04 11:27:43 pong received 
2021/06/04 11:27:53 ping sent
2021/06/04 11:27:53 pong received 
2021/06/04 11:28:03 ping sent
2021/06/04 11:28:03 pong received 
2021/06/04 11:28:13 ping sent
2021/06/04 11:28:13 pong received 
2021/06/04 11:28:23 ping sent
2021/06/04 11:28:23 pong received 
2021/06/04 11:28:33 ping sent
2021/06/04 11:28:33 pong received 
2021/06/04 11:28:43 ping sent
2021/06/04 11:28:43 pong received 
2021/06/04 11:28:53 ping sent
2021/06/04 11:28:53 pong received 
2021/06/04 11:29:03 ping sent
2021/06/04 11:29:03 pong received 
2021/06/04 11:29:13 ping sent
2021/06/04 11:29:13 pong received 
2021/06/04 11:29:23 ping sent
2021/06/04 11:29:23 pong received 
2021/06/04 11:29:33 ping sent
2021/06/04 11:29:33 pong received 
2021/06/04 11:29:43 ping sent
2021/06/04 11:29:43 pong received 
2021/06/04 11:29:53 ping sent
2021/06/04 11:29:53 pong received 
2021/06/04 11:30:03 ping sent
2021/06/04 11:30:03 pong received 
2021/06/04 11:30:13 ping sent
2021/06/04 11:30:13 pong received 
2021/06/04 11:30:23 ping sent
2021/06/04 11:30:23 pong received 
2021/06/04 11:30:33 ping sent
2021/06/04 11:30:33 pong received 
2021/06/04 11:30:43 ping sent
2021/06/04 11:30:43 pong received 
2021/06/04 11:30:53 ping sent
2021/06/04 11:30:53 pong received 
2021/06/04 11:31:03 ping sent
2021/06/04 11:31:03 pong received 
2021/06/04 11:31:13 ping sent
2021/06/04 11:31:13 pong received 
2021/06/04 11:31:23 ping sent
2021/06/04 11:31:23 pong received 
2021/06/04 11:31:33 ping sent
2021/06/04 11:31:33 pong received 
2021/06/04 11:31:43 ping sent
2021/06/04 11:31:43 pong received 
2021/06/04 11:31:53 ping sent
2021/06/04 11:31:53 pong received 
2021/06/04 11:32:03 ping sent
2021/06/04 11:32:03 pong received 
2021/06/04 11:32:13 ping sent
2021/06/04 11:32:13 pong received 
2021/06/04 11:32:23 ping sent
2021/06/04 11:32:23 pong received 
2021/06/04 11:32:33 ping sent
2021/06/04 11:32:33 pong received 
2021/06/04 11:32:43 ping sent
2021/06/04 11:32:43 pong received 
2021/06/04 11:32:53 ping sent
2021/06/04 11:32:53 pong received 
2021/06/04 11:33:03 ping sent
2021/06/04 11:33:03 pong received 
2021/06/04 11:33:13 ping sent
2021/06/04 11:33:13 pong received 
2021/06/04 11:33:23 ping sent
2021/06/04 11:33:23 pong received 
2021/06/04 11:33:33 ping sent
2021/06/04 11:33:33 pong received 
2021/06/04 11:33:43 ping sent
2021/06/04 11:33:43 pong received 
2021/06/04 11:33:53 ping sent
2021/06/04 11:33:53 pong received 
2021/06/04 11:34:03 ping sent
2021/06/04 11:34:03 pong received 
2021/06/04 11:34:13 ping sent
2021/06/04 11:34:13 pong received 
2021/06/04 11:34:23 ping sent
2021/06/04 11:34:23 pong received 
2021/06/04 11:34:33 ping sent
2021/06/04 11:34:33 pong received 
2021/06/04 11:34:43 ping sent
2021/06/04 11:34:43 pong received 
2021/06/04 11:34:53 ping sent
2021/06/04 11:34:53 pong received 
2021/06/04 11:35:03 ping sent
2021/06/04 11:35:03 pong received 
2021/06/04 11:35:13 ping sent
2021/06/04 11:35:13 pong received 
2021/06/04 11:35:23 ping sent
2021/06/04 11:35:23 pong received 
2021/06/04 11:35:33 ping sent
2021/06/04 11:35:33 pong received 
2021/06/04 11:35:43 ping sent
2021/06/04 11:35:43 pong received 
2021/06/04 11:35:53 ping sent
2021/06/04 11:35:53 pong received 
2021/06/04 11:36:03 ping sent
2021/06/04 11:36:03 pong received 
2021/06/04 11:36:13 ping sent
2021/06/04 11:36:13 pong received 
2021/06/04 11:36:23 ping sent
2021/06/04 11:36:23 pong received 
2021/06/04 11:36:33 ping sent
2021/06/04 11:36:33 pong received 
2021/06/04 11:36:43 ping sent
2021/06/04 11:36:43 pong received 
2021/06/04 11:36:53 ping sent
2021/06/04 11:36:53 pong received 
2021/06/04 11:37:03 ping sent
2021/06/04 11:37:03 pong received 
2021/06/04 11:37:13 ping sent
2021/06/04 11:37:13 pong received 
2021/06/04 11:37:23 ping sent
2021/06/04 11:37:23 pong received 
2021/06/04 11:37:33 ping sent
2021/06/04 11:37:33 pong received 
2021/06/04 11:37:43 ping sent
2021/06/04 11:37:43 pong received 
2021/06/04 11:37:53 ping sent
2021/06/04 11:37:53 pong received 
2021/06/04 11:38:03 ping sent
2021/06/04 11:38:03 pong received 
2021/06/04 11:38:13 pong received 
2021/06/04 11:38:13 ping sent
2021/06/04 11:38:23 ping sent
2021/06/04 11:38:23 pong received 
2021/06/04 11:38:33 ping sent
2021/06/04 11:38:33 pong received 
2021/06/04 11:38:43 ping sent
2021/06/04 11:38:43 pong received 
2021/06/04 11:38:53 ping sent
2021/06/04 11:38:53 pong received 
2021/06/04 11:39:03 ping sent
2021/06/04 11:39:03 pong received 
2021/06/04 11:39:13 ping sent
2021/06/04 11:39:13 pong received 
2021/06/04 11:39:23 ping sent
2021/06/04 11:39:23 pong received 
2021/06/04 11:39:33 ping sent
2021/06/04 11:39:33 pong received 
2021/06/04 11:39:43 ping sent
2021/06/04 11:39:43 pong received 
2021/06/04 11:39:53 ping sent
2021/06/04 11:39:53 pong received 
2021/06/04 11:40:03 ping sent
2021/06/04 11:40:03 pong received 
2021/06/04 11:40:13 ping sent
2021/06/04 11:40:13 pong received 
2021/06/04 11:40:23 ping sent
2021/06/04 11:40:23 pong received 
2021/06/04 11:40:33 ping sent
2021/06/04 11:40:33 pong received 
2021/06/04 11:40:43 ping sent
2021/06/04 11:40:43 pong received 
2021/06/04 11:40:53 ping sent
2021/06/04 11:40:53 pong received 
2021/06/04 11:41:03 ping sent
2021/06/04 11:41:03 pong received 
2021/06/04 11:41:13 ping sent
2021/06/04 11:41:13 pong received 
2021/06/04 11:41:23 ping sent
2021/06/04 11:41:23 pong received 
2021/06/04 11:41:33 ping sent
2021/06/04 11:41:33 pong received 
2021/06/04 11:41:43 ping sent
2021/06/04 11:41:43 pong received 
2021/06/04 11:41:53 ping sent
2021/06/04 11:41:53 pong received 
2021/06/04 11:42:03 ping sent
2021/06/04 11:42:03 pong received 
2021/06/04 11:42:13 ping sent
2021/06/04 11:42:13 pong received 
2021/06/04 11:42:23 ping sent
2021/06/04 11:42:23 pong received 
2021/06/04 11:42:33 ping sent
2021/06/04 11:42:33 pong received 
2021/06/04 11:42:43 ping sent
2021/06/04 11:42:43 pong received 
2021/06/04 11:42:53 ping sent
2021/06/04 11:42:53 pong received 
2021/06/04 11:43:03 ping sent
2021/06/04 11:43:03 pong received 
2021/06/04 11:43:13 ping sent
2021/06/04 11:43:13 pong received 
2021/06/04 11:43:23 ping sent
2021/06/04 11:43:23 pong received 
2021/06/04 11:43:33 ping sent
2021/06/04 11:43:33 pong received 
2021/06/04 11:43:43 ping sent
2021/06/04 11:43:43 pong received 
2021/06/04 11:43:53 ping sent
2021/06/04 11:43:53 pong received 
2021/06/04 11:44:03 ping sent
2021/06/04 11:44:03 pong received 
2021/06/04 11:44:13 ping sent
2021/06/04 11:44:13 pong received 
2021/06/04 11:44:23 ping sent
2021/06/04 11:44:23 pong received 
2021/06/04 11:44:33 ping sent
2021/06/04 11:44:33 pong received 
2021/06/04 11:44:43 ping sent
2021/06/04 11:44:43 pong received 
2021/06/04 11:44:53 ping sent
2021/06/04 11:44:53 pong received 
2021/06/04 11:45:03 ping sent
2021/06/04 11:45:03 pong received 
2021/06/04 11:45:13 ping sent
2021/06/04 11:45:13 pong received 
2021/06/04 11:45:23 ping sent
2021/06/04 11:45:23 pong received 
2021/06/04 11:45:33 ping sent
2021/06/04 11:45:33 pong received 
2021/06/04 11:45:43 ping sent
2021/06/04 11:45:43 pong received 
2021/06/04 11:45:53 ping sent
2021/06/04 11:45:53 pong received 
2021/06/04 11:46:03 ping sent
2021/06/04 11:46:03 pong received 
2021/06/04 11:46:13 ping sent
2021/06/04 11:46:13 pong received 
2021/06/04 11:46:23 ping sent
2021/06/04 11:46:23 pong received 
2021/06/04 11:46:33 ping sent
2021/06/04 11:46:33 pong received 
2021/06/04 11:46:43 ping sent
2021/06/04 11:46:43 pong received 
2021/06/04 11:46:53 ping sent
2021/06/04 11:46:53 pong received 
2021/06/04 11:47:03 ping sent
2021/06/04 11:47:03 pong received 
2021/06/04 11:47:13 ping sent
2021/06/04 11:47:13 pong received 
2021/06/04 11:47:23 ping sent
2021/06/04 11:47:23 pong received 
2021/06/04 11:47:33 ping sent
2021/06/04 11:47:33 pong received 
2021/06/04 11:47:43 ping sent
2021/06/04 11:47:43 pong received 
2021/06/04 11:47:53 ping sent
2021/06/04 11:47:53 pong received 
2021/06/04 11:48:03 ping sent
2021/06/04 11:48:03 pong received 
2021/06/04 11:48:13 ping sent
2021/06/04 11:48:13 pong received 
2021/06/04 11:48:23 ping sent
2021/06/04 11:48:23 pong received 
2021/06/04 11:48:33 ping sent
2021/06/04 11:48:33 pong received 
2021/06/04 11:48:43 ping sent
2021/06/04 11:48:43 pong received 
2021/06/04 11:48:53 ping sent
2021/06/04 11:48:53 pong received 
2021/06/04 11:49:03 ping sent
2021/06/04 11:49:03 pong received 
2021/06/04 11:49:13 ping sent
2021/06/04 11:49:13 pong received 
2021/06/04 11:49:23 ping sent
2021/06/04 11:49:23 pong received 
2021/06/04 11:49:33 ping sent
2021/06/04 11:49:33 pong received 
2021/06/04 11:49:43 ping sent
2021/06/04 11:49:43 pong received 
2021/06/04 11:49:53 ping sent
2021/06/04 11:49:53 pong received 
2021/06/04 11:50:03 ping sent
2021/06/04 11:50:03 pong received 
2021/06/04 11:50:13 ping sent
2021/06/04 11:50:13 pong received 
2021/06/04 11:50:23 ping sent
2021/06/04 11:50:23 pong received 
2021/06/04 11:50:33 ping sent
2021/06/04 11:50:33 pong received 
2021/06/04 11:50:43 ping sent
2021/06/04 11:50:43 pong received 
2021/06/04 11:50:53 ping sent
2021/06/04 11:50:53 pong received 
2021/06/04 11:51:03 ping sent
2021/06/04 11:51:03 pong received 
2021/06/04 11:51:13 ping sent
2021/06/04 11:51:13 pong received 
2021/06/04 11:51:23 ping sent
2021/06/04 11:51:23 pong received 
2021/06/04 11:51:33 ping sent
2021/06/04 11:51:33 pong received 
2021/06/04 11:51:43 ping sent
2021/06/04 11:51:43 pong received 
2021/06/04 11:51:53 ping sent
2021/06/04 11:51:53 pong received 
2021/06/04 11:52:03 ping sent
2021/06/04 11:52:03 pong received 
2021/06/04 11:52:13 ping sent
2021/06/04 11:52:13 pong received 
2021/06/04 11:52:23 ping sent
2021/06/04 11:52:23 pong received 
2021/06/04 11:52:33 ping sent
2021/06/04 11:52:33 pong received 
2021/06/04 11:52:43 ping sent
2021/06/04 11:52:43 pong received 
2021/06/04 11:52:53 ping sent
2021/06/04 11:52:53 pong received 
2021/06/04 11:53:03 ping sent
2021/06/04 11:53:03 pong received 
2021/06/04 11:53:13 ping sent
2021/06/04 11:53:13 pong received 
2021/06/04 11:53:23 ping sent
2021/06/04 11:53:23 pong received 
2021/06/04 11:53:33 ping sent
2021/06/04 11:53:33 pong received 
2021/06/04 11:53:43 ping sent
2021/06/04 11:53:43 pong received 
2021/06/04 11:53:53 ping sent
2021/06/04 11:53:53 pong received 
2021/06/04 11:54:03 ping sent
2021/06/04 11:54:03 pong received 
2021/06/04 11:54:13 ping sent
2021/06/04 11:54:13 pong received 
2021/06/04 11:54:23 ping sent
2021/06/04 11:54:23 pong received 
2021/06/04 11:54:33 ping sent
2021/06/04 11:54:33 pong received 
2021/06/04 11:54:43 ping sent
2021/06/04 11:54:43 pong received 
2021/06/04 11:54:53 ping sent
2021/06/04 11:54:53 pong received 
2021/06/04 11:55:03 ping sent
2021/06/04 11:55:03 pong received 
2021/06/04 11:55:13 ping sent
2021/06/04 11:55:13 pong received 
2021/06/04 11:55:23 ping sent
2021/06/04 11:55:23 pong received 
2021/06/04 11:55:33 ping sent
2021/06/04 11:55:33 pong received 
2021/06/04 11:55:43 ping sent
2021/06/04 11:55:43 pong received 
2021/06/04 11:55:53 ping sent
2021/06/04 11:55:53 pong received 
2021/06/04 11:56:03 ping sent
2021/06/04 11:56:03 pong received 
2021/06/04 11:56:13 ping sent
2021/06/04 11:56:13 pong received 
2021/06/04 11:56:23 ping sent
2021/06/04 11:56:23 pong received 
2021/06/04 11:56:33 ping sent
2021/06/04 11:56:33 pong received 
2021/06/04 11:56:43 ping sent
2021/06/04 11:56:43 pong received 
2021/06/04 11:56:53 ping sent
2021/06/04 11:56:53 pong received 
2021/06/04 11:57:03 ping sent
2021/06/04 11:57:03 pong received 
2021/06/04 11:57:13 ping sent
2021/06/04 11:57:13 pong received 
2021/06/04 11:57:23 ping sent
2021/06/04 11:57:23 pong received 
2021/06/04 11:57:33 ping sent
2021/06/04 11:57:33 pong received 
2021/06/04 11:57:43 ping sent
2021/06/04 11:57:43 pong received 
2021/06/04 11:57:53 ping sent
2021/06/04 11:57:53 pong received 
2021/06/04 11:58:03 ping sent
2021/06/04 11:58:03 pong received 
2021/06/04 11:58:13 ping sent
2021/06/04 11:58:13 pong received 
2021/06/04 11:58:23 ping sent
2021/06/04 11:58:23 pong received 
2021/06/04 11:58:33 ping sent
2021/06/04 11:58:33 pong received 
2021/06/04 11:58:43 ping sent
2021/06/04 11:58:43 pong received 
2021/06/04 11:58:53 ping sent
2021/06/04 11:58:53 pong received 
2021/06/04 11:59:03 ping sent
2021/06/04 11:59:03 pong received 
2021/06/04 11:59:13 ping sent
2021/06/04 11:59:13 pong received 
2021/06/04 11:59:23 ping sent
2021/06/04 11:59:23 pong received 
2021/06/04 11:59:33 ping sent
2021/06/04 11:59:33 pong received 
2021/06/04 11:59:43 ping sent
2021/06/04 11:59:43 pong received 
2021/06/04 11:59:53 ping sent
2021/06/04 11:59:53 pong received 
2021/06/04 12:00:03 ping sent
2021/06/04 12:00:03 pong received 
2021/06/04 12:00:13 ping sent
2021/06/04 12:00:13 pong received 
2021/06/04 12:00:23 ping sent
2021/06/04 12:00:23 pong received 
2021/06/04 12:00:33 ping sent
2021/06/04 12:00:33 pong received 
2021/06/04 12:00:43 ping sent
2021/06/04 12:00:43 pong received 
2021/06/04 12:00:53 ping sent
2021/06/04 12:00:53 pong received 
2021/06/04 12:01:03 ping sent
2021/06/04 12:01:03 pong received 
2021/06/04 12:01:13 ping sent
2021/06/04 12:01:13 pong received 
2021/06/04 12:01:23 ping sent
2021/06/04 12:01:23 pong received 
2021/06/04 12:01:33 ping sent
2021/06/04 12:01:33 pong received 
2021/06/04 12:01:43 ping sent
2021/06/04 12:01:43 pong received 
2021/06/04 12:01:53 ping sent
2021/06/04 12:01:53 pong received 
2021/06/04 12:02:03 ping sent
2021/06/04 12:02:03 pong received 
2021/06/04 12:02:13 ping sent
2021/06/04 12:02:13 pong received 
2021/06/04 12:02:23 ping sent
2021/06/04 12:02:23 pong received 
2021/06/04 12:02:33 ping sent
2021/06/04 12:02:33 pong received 
2021/06/04 12:02:43 ping sent
2021/06/04 12:02:43 pong received 
2021/06/04 12:02:53 ping sent
2021/06/04 12:02:53 pong received 
2021/06/04 12:03:03 ping sent
2021/06/04 12:03:03 pong received 
2021/06/04 12:03:13 ping sent
2021/06/04 12:03:13 pong received 
2021/06/04 12:03:23 ping sent
2021/06/04 12:03:23 pong received 
2021/06/04 12:03:33 ping sent
2021/06/04 12:03:33 pong received 
2021/06/04 12:03:43 ping sent
2021/06/04 12:03:43 pong received 
2021/06/04 12:03:53 ping sent
2021/06/04 12:03:53 pong received 
2021/06/04 12:04:03 ping sent
2021/06/04 12:04:03 pong received 
2021/06/04 12:04:13 ping sent
2021/06/04 12:04:13 pong received 
2021/06/04 12:04:23 ping sent
2021/06/04 12:04:23 pong received 
2021/06/04 12:04:33 ping sent
2021/06/04 12:04:33 pong received 
2021/06/04 12:04:43 ping sent
2021/06/04 12:04:43 pong received 
2021/06/04 12:04:53 ping sent
2021/06/04 12:04:53 pong received 
2021/06/04 12:05:03 ping sent
2021/06/04 12:05:03 pong received 
2021/06/04 12:05:13 ping sent
2021/06/04 12:05:13 pong received 
2021/06/04 12:05:23 ping sent
2021/06/04 12:05:23 pong received 
2021/06/04 12:05:33 ping sent
2021/06/04 12:05:33 pong received 
2021/06/04 12:05:43 ping sent
2021/06/04 12:05:43 pong received 
2021/06/04 12:05:53 ping sent
2021/06/04 12:05:53 pong received 
2021/06/04 12:06:03 ping sent
2021/06/04 12:06:03 pong received 
2021/06/04 12:06:13 ping sent
2021/06/04 12:06:13 pong received 
2021/06/04 12:06:23 ping sent
2021/06/04 12:06:23 pong received 
2021/06/04 12:06:33 ping sent
2021/06/04 12:06:33 pong received 
2021/06/04 12:06:43 ping sent
2021/06/04 12:06:43 pong received 
2021/06/04 12:06:53 ping sent
2021/06/04 12:06:53 pong received 
2021/06/04 12:07:03 ping sent
2021/06/04 12:07:03 pong received 
2021/06/04 12:07:13 ping sent
2021/06/04 12:07:13 pong received 
2021/06/04 12:07:23 ping sent
2021/06/04 12:07:23 pong received 
2021/06/04 12:07:33 ping sent
2021/06/04 12:07:33 pong received 
2021/06/04 12:07:43 ping sent
2021/06/04 12:07:43 pong received 
2021/06/04 12:07:53 ping sent
2021/06/04 12:07:53 pong received 
2021/06/04 12:08:03 ping sent
2021/06/04 12:08:03 pong received 
2021/06/04 12:08:13 ping sent
2021/06/04 12:08:13 pong received 
2021/06/04 12:08:14 web sock created Url %s 1622792302361_936.6576235598185
2021/06/04 12:08:23 ping sent
2021/06/04 12:08:23 pong received 
2021/06/04 12:08:24 ping sent
2021/06/04 12:08:24 pong received 
2021/06/04 12:08:33 ping sent
2021/06/04 12:08:33 pong received 
2021/06/04 12:08:34 ping sent
2021/06/04 12:08:34 pong received 
2021/06/04 12:08:43 ping sent
2021/06/04 12:08:43 pong received 
2021/06/04 12:08:44 ping sent
2021/06/04 12:08:44 pong received 
2021/06/04 12:08:53 ping sent
2021/06/04 12:08:53 pong received 
2021/06/04 12:08:54 ping sent
2021/06/04 12:08:54 pong received 
2021/06/04 12:09:03 ping sent
2021/06/04 12:09:03 pong received 
2021/06/04 12:09:04 ping sent
2021/06/04 12:09:04 pong received 
2021/06/04 12:09:13 ping sent
2021/06/04 12:09:13 pong received 
2021/06/04 12:09:14  no connection for  %s 1622792302361_936.6576235598185
2021/06/04 12:09:14 removed absent connection for  %s 1622792302361_936.6576235598185
2021/06/04 12:09:20 web sock created Url %s 1622797754619_771.5810789495625
2021/06/04 12:09:30 ping sent
2021/06/04 12:09:30 pong received 
2021/06/04 12:09:40 ping sent
2021/06/04 12:09:40 pong received 
2021/06/04 12:09:50 ping sent
2021/06/04 12:09:50 pong received 
2021/06/04 12:10:00 ping sent
2021/06/04 12:10:00 pong received 
2021/06/04 12:10:10 ping sent
2021/06/04 12:10:10 pong received 
2021/06/04 12:10:13 web sock created Url %s 1622797754619_771.5810789495625
2021/06/04 12:10:20 ping sent
2021/06/04 12:10:20 pong received 
2021/06/04 12:10:23 ping sent
2021/06/04 12:10:23 pong received 
2021/06/04 12:10:30 ping sent
2021/06/04 12:10:30 pong received 
2021/06/04 12:10:33 ping sent
2021/06/04 12:10:33 pong received 
2021/06/04 12:10:40 ping sent
2021/06/04 12:10:40 pong received 
2021/06/04 12:10:43 ping sent
2021/06/04 12:10:43 pong received 
2021/06/04 12:10:50 ping sent
2021/06/04 12:10:50 pong received 
2021/06/04 12:10:53 ping sent
2021/06/04 12:10:53 pong received 
2021/06/04 12:11:00 ping sent
2021/06/04 12:11:00 pong received 
2021/06/04 12:11:03 ping sent
2021/06/04 12:11:03 pong received 
2021/06/04 12:11:10 ping sent
2021/06/04 12:11:10 pong received 
2021/06/04 12:11:13 ping sent
2021/06/04 12:11:13 pong received 
2021/06/04 12:11:20 ping sent
2021/06/04 12:11:20 pong received 
2021/06/04 12:11:23 ping sent
2021/06/04 12:11:23 pong received 
2021/06/04 12:11:30 ping sent
2021/06/04 12:11:30 pong received 
2021/06/04 12:11:33 ping sent
2021/06/04 12:11:33 pong received 
2021/06/04 12:11:40 ping sent
2021/06/04 12:11:40 pong received 
2021/06/04 12:11:43 ping sent
2021/06/04 12:11:43 pong received 
2021/06/04 12:11:50 ping sent
2021/06/04 12:11:50 pong received 
2021/06/04 12:11:53 ping sent
2021/06/04 12:11:53 pong received 
2021/06/04 12:12:00 ping sent
2021/06/04 12:12:00 pong received 
2021/06/04 12:12:03 ping sent
2021/06/04 12:12:03 pong received 
2021/06/04 12:12:10 ping sent
2021/06/04 12:12:10 pong received 
2021/06/04 12:12:13 ping sent
2021/06/04 12:12:13 pong received 
2021/06/04 12:12:20 ping sent
2021/06/04 12:12:20 pong received 
2021/06/04 12:12:23 ping sent
2021/06/04 12:12:23 pong received 
2021/06/04 12:12:30 ping sent
2021/06/04 12:12:30 pong received 
2021/06/04 12:12:33 ping sent
2021/06/04 12:12:33 pong received 
2021/06/04 12:12:40 ping sent
2021/06/04 12:12:40 pong received 
2021/06/04 12:12:43 ping sent
2021/06/04 12:12:43 pong received 
2021/06/04 12:12:50 ping sent
2021/06/04 12:12:50 pong received 
2021/06/04 12:12:53 ping sent
2021/06/04 12:12:53 pong received 
2021/06/04 12:13:00 ping sent
2021/06/04 12:13:00 pong received 
2021/06/04 12:13:03 ping sent
2021/06/04 12:13:03 pong received 
2021/06/04 12:13:04 web sock created Url %s 1622797754619_771.5810789495625
2021/06/04 12:13:10 web sock created Url %s 1622797989560_146.62198215777656
2021/06/04 12:13:20 ping sent
2021/06/04 12:13:20 pong received 
2021/06/04 12:13:30 ping sent
2021/06/04 12:13:30 pong received 
2021/06/04 12:13:40 ping sent
2021/06/04 12:13:40 pong received 
2021/06/04 12:13:50 ping sent
2021/06/04 12:13:50 pong received 
2021/06/04 12:14:00 ping sent
2021/06/04 12:14:00 pong received 
2021/06/04 12:14:10 ping sent
2021/06/04 12:14:10 pong received 
2021/06/04 12:14:20 ping sent
2021/06/04 12:14:20 pong received 
2021/06/04 12:14:30 ping sent
2021/06/04 12:14:30 pong received 
2021/06/04 12:14:40 ping sent
2021/06/04 12:14:40 pong received 
2021/06/04 12:14:40 web sock created Url %s 1622797989560_146.62198215777656
2021/06/04 12:14:50 ping sent
2021/06/04 12:14:50 pong received 
2021/06/04 12:14:50 ping sent
2021/06/04 12:14:50 pong received 
2021/06/04 12:15:00 ping sent
2021/06/04 12:15:00 pong received 
2021/06/04 12:15:00 ping sent
2021/06/04 12:15:00 pong received 
2021/06/04 12:15:10 ping sent
2021/06/04 12:15:10 pong received 
2021/06/04 12:15:10 ping sent
2021/06/04 12:15:10 pong received 
2021/06/04 12:15:20 ping sent
2021/06/04 12:15:20 pong received 
2021/06/04 12:15:20 ping sent
2021/06/04 12:15:20 pong received 
2021/06/04 12:15:30 ping sent
2021/06/04 12:15:30 pong received 
2021/06/04 12:15:30 ping sent
2021/06/04 12:15:30 pong received 
2021/06/04 12:15:40 ping sent
2021/06/04 12:15:40 pong received 
2021/06/04 12:15:40 ping sent
2021/06/04 12:15:40 pong received 
2021/06/04 12:15:50 ping sent
2021/06/04 12:15:50 pong received 
2021/06/04 12:15:50 ping sent
2021/06/04 12:15:50 pong received 
2021/06/04 12:16:00 ping sent
2021/06/04 12:16:00 pong received 
2021/06/04 12:16:00 ping sent
2021/06/04 12:16:00 pong received 
2021/06/04 12:16:10 ping sent
2021/06/04 12:16:10 pong received 
2021/06/04 12:16:10 ping sent
2021/06/04 12:16:10 pong received 
2021/06/04 12:16:20 ping sent
2021/06/04 12:16:20 pong received 
2021/06/04 12:16:20 ping sent
2021/06/04 12:16:20 pong received 
2021/06/04 12:16:30 ping sent
2021/06/04 12:16:30 pong received 
2021/06/04 12:16:30 ping sent
2021/06/04 12:16:30 pong received 
2021/06/04 12:16:40 ping sent
2021/06/04 12:16:40 pong received 
2021/06/04 12:16:40 ping sent
2021/06/04 12:16:40 pong received 
2021/06/04 12:16:50 ping sent
2021/06/04 12:16:50 pong received 
2021/06/04 12:16:50 ping sent
2021/06/04 12:16:50 pong received 
2021/06/04 12:17:00 ping sent
2021/06/04 12:17:00 pong received 
2021/06/04 12:17:00 ping sent
2021/06/04 12:17:00 pong received 
2021/06/04 12:17:10 ping sent
2021/06/04 12:17:10 pong received 
2021/06/04 12:17:10 ping sent
2021/06/04 12:17:10 pong received 
2021/06/04 12:17:20 ping sent
2021/06/04 12:17:20 pong received 
2021/06/04 12:17:20 ping sent
2021/06/04 12:17:20 pong received 
2021/06/04 12:17:30 ping sent
2021/06/04 12:17:30 pong received 
2021/06/04 12:17:30 ping sent
2021/06/04 12:17:30 pong received 
2021/06/04 12:17:40 ping sent
2021/06/04 12:17:40 pong received 
2021/06/04 12:17:40 ping sent
2021/06/04 12:17:40 pong received 
2021/06/04 12:17:50 ping sent
2021/06/04 12:17:50 pong received 
2021/06/04 12:17:50 ping sent
2021/06/04 12:17:50 pong received 
2021/06/04 12:18:00 ping sent
2021/06/04 12:18:00 pong received 
2021/06/04 12:18:00 ping sent
2021/06/04 12:18:00 pong received 
2021/06/04 12:18:10 ping sent
2021/06/04 12:18:10 pong received 
2021/06/04 12:18:10 ping sent
2021/06/04 12:18:10 pong received 
2021/06/04 12:18:20 ping sent
2021/06/04 12:18:20 pong received 
2021/06/04 12:18:20 ping sent
2021/06/04 12:18:20 pong received 
2021/06/04 12:18:30 ping sent
2021/06/04 12:18:30 pong received 
2021/06/04 12:18:30 ping sent
2021/06/04 12:18:30 pong received 
2021/06/04 12:18:40 ping sent
2021/06/04 12:18:40 pong received 
2021/06/04 12:18:40 ping sent
2021/06/04 12:18:40 pong received 
2021/06/04 12:18:50 ping sent
2021/06/04 12:18:50 pong received 
2021/06/04 12:18:50 ping sent
2021/06/04 12:18:50 pong received 
2021/06/04 12:19:00 ping sent
2021/06/04 12:19:00 pong received 
2021/06/04 12:19:00 ping sent
2021/06/04 12:19:00 pong received 
2021/06/04 12:19:10 ping sent
2021/06/04 12:19:10 pong received 
2021/06/04 12:19:10 ping sent
2021/06/04 12:19:10 pong received 
2021/06/04 12:19:20 ping sent
2021/06/04 12:19:20 pong received 
2021/06/04 12:19:20 ping sent
2021/06/04 12:19:20 pong received 
2021/06/04 12:19:30 ping sent
2021/06/04 12:19:30 pong received 
2021/06/04 12:19:30 ping sent
2021/06/04 12:19:30 pong received 
2021/06/04 12:19:40 ping sent
2021/06/04 12:19:40 pong received 
2021/06/04 12:19:40 ping sent
2021/06/04 12:19:40 pong received 
2021/06/04 12:19:50 ping sent
2021/06/04 12:19:50 pong received 
2021/06/04 12:19:50 ping sent
2021/06/04 12:19:50 pong received 
2021/06/04 12:20:00 ping sent
2021/06/04 12:20:00 pong received 
2021/06/04 12:20:00 ping sent
2021/06/04 12:20:00 pong received 
2021/06/04 12:20:10 ping sent
2021/06/04 12:20:10 pong received 
2021/06/04 12:20:10 ping sent
2021/06/04 12:20:10 pong received 
2021/06/04 12:20:20 ping sent
2021/06/04 12:20:20 pong received 
2021/06/04 12:20:20 ping sent
2021/06/04 12:20:20 pong received 
2021/06/04 12:20:30 ping sent
2021/06/04 12:20:30 pong received 
2021/06/04 12:20:30 ping sent
2021/06/04 12:20:30 pong received 
2021/06/04 12:20:40 ping sent
2021/06/04 12:20:40 pong received 
2021/06/04 12:20:40 ping sent
2021/06/04 12:20:40 pong received 
2021/06/04 12:20:50 ping sent
2021/06/04 12:20:50 pong received 
2021/06/04 12:20:50 ping sent
2021/06/04 12:20:50 pong received 
2021/06/04 12:21:00 ping sent
2021/06/04 12:21:00 pong received 
2021/06/04 12:21:00 ping sent
2021/06/04 12:21:00 pong received 
2021/06/04 12:21:10 ping sent
2021/06/04 12:21:10 pong received 
2021/06/04 12:21:10 ping sent
2021/06/04 12:21:10 pong received 
2021/06/04 12:21:16 web sock created Url %s 1622797989560_146.62198215777656
2021/06/04 12:21:20 ping sent
2021/06/04 12:21:20 pong received 
2021/06/04 12:21:20 ping sent
2021/06/04 12:21:20 pong received 
2021/06/04 12:21:26 ping sent
2021/06/04 12:21:26 pong received 
2021/06/04 12:21:30 ping sent
2021/06/04 12:21:30 pong received 
2021/06/04 12:21:30 ping sent
2021/06/04 12:21:30 pong received 
2021/06/04 12:21:36 ping sent
2021/06/04 12:21:36 pong received 
2021/06/04 12:21:40 ping sent
2021/06/04 12:21:40 pong received 
2021/06/04 12:21:40 ping sent
2021/06/04 12:21:40 pong received 
2021/06/04 12:21:46 ping sent
2021/06/04 12:21:46 pong received 
2021/06/04 12:21:49 web sock created Url %s 1622797989560_146.62198215777656
2021/06/04 12:21:50 ping sent
2021/06/04 12:21:50 pong received 
2021/06/04 12:21:50 ping sent
2021/06/04 12:21:50 pong received 
2021/06/04 12:21:56 ping sent
2021/06/04 12:21:56 pong received 
2021/06/04 12:21:59 ping sent
2021/06/04 12:21:59 pong received 
2021/06/04 12:22:00 ping sent
2021/06/04 12:22:00 pong received 
2021/06/04 12:22:00 ping sent
2021/06/04 12:22:00 pong received 
2021/06/04 12:22:06 ping sent
2021/06/04 12:22:06 pong received 
2021/06/04 12:22:09 ping sent
2021/06/04 12:22:09 pong received 
2021/06/04 12:22:10 ping sent
2021/06/04 12:22:10 pong received 
2021/06/04 12:22:10 ping sent
2021/06/04 12:22:10 pong received 
2021/06/04 12:22:16 ping sent
2021/06/04 12:22:16 pong received 
2021/06/04 12:22:19 ping sent
2021/06/04 12:22:19 pong received 
2021/06/04 12:22:20 ping sent
2021/06/04 12:22:20 pong received 
2021/06/04 12:22:20 ping sent
2021/06/04 12:22:20 pong received 
2021/06/04 12:22:26 ping sent
2021/06/04 12:22:26 pong received 
2021/06/04 12:22:29 ping sent
2021/06/04 12:22:29 pong received 
2021/06/04 12:22:30 ping sent
2021/06/04 12:22:30 pong received 
2021/06/04 12:22:30 ping sent
2021/06/04 12:22:30 pong received 
2021/06/04 12:22:36 ping sent
2021/06/04 12:22:36 pong received 
2021/06/04 12:22:39 ping sent
2021/06/04 12:22:39 pong received 
2021/06/04 12:22:40 ping sent
2021/06/04 12:22:40 pong received 
2021/06/04 12:22:40 ping sent
2021/06/04 12:22:40 pong received 
2021/06/04 12:22:46 ping sent
2021/06/04 12:22:46 pong received 
2021/06/04 12:22:49 ping sent
2021/06/04 12:22:49 pong received 
2021/06/04 12:22:50 ping sent
2021/06/04 12:22:50 pong received 
2021/06/04 12:22:50 ping sent
2021/06/04 12:22:50 pong received 
2021/06/04 12:22:56 ping sent
2021/06/04 12:22:56 pong received 
2021/06/04 12:22:59 ping sent
2021/06/04 12:22:59 pong received 
2021/06/04 12:23:00 ping sent
2021/06/04 12:23:00 pong received 
2021/06/04 12:23:00 ping sent
2021/06/04 12:23:00 pong received 
2021/06/04 12:23:06 ping sent
2021/06/04 12:23:06 pong received 
2021/06/04 12:23:09 ping sent
2021/06/04 12:23:09 pong received 
2021/06/04 12:23:10 ping sent
2021/06/04 12:23:10 pong received 
2021/06/04 12:23:10 ping sent
2021/06/04 12:23:10 pong received 
2021/06/04 12:23:16 ping sent
2021/06/04 12:23:16 pong received 
2021/06/04 12:23:19 ping sent
2021/06/04 12:23:19 pong received 
2021/06/04 12:23:20 ping sent
2021/06/04 12:23:20 pong received 
2021/06/04 12:23:20 ping sent
2021/06/04 12:23:20 pong received 
2021/06/04 12:23:26 ping sent
2021/06/04 12:23:26 pong received 
2021/06/04 12:23:29 ping sent
2021/06/04 12:23:29 pong received 
2021/06/04 12:23:30 ping sent
2021/06/04 12:23:30 pong received 
2021/06/04 12:23:30 ping sent
2021/06/04 12:23:30 pong received 
2021/06/04 12:23:36 ping sent
2021/06/04 12:23:36 pong received 
2021/06/04 12:23:39 ping sent
2021/06/04 12:23:39 pong received 
2021/06/04 12:23:40 ping sent
2021/06/04 12:23:40 pong received 
2021/06/04 12:23:40 ping sent
2021/06/04 12:23:40 pong received 
2021/06/04 12:23:46 ping sent
2021/06/04 12:23:46 pong received 
2021/06/04 12:23:49 ping sent
2021/06/04 12:23:49 pong received 
2021/06/04 12:23:50 ping sent
2021/06/04 12:23:50 pong received 
2021/06/04 12:23:50 ping sent
2021/06/04 12:23:50 pong received 
2021/06/04 12:23:56 ping sent
2021/06/04 12:23:56 pong received 
2021/06/04 12:23:59 ping sent
2021/06/04 12:23:59 pong received 
2021/06/04 12:24:00 ping sent
2021/06/04 12:24:00 pong received 
2021/06/04 12:24:00 ping sent
2021/06/04 12:24:00 pong received 
2021/06/04 12:24:06 ping sent
2021/06/04 12:24:06 pong received 
2021/06/04 12:24:09 ping sent
2021/06/04 12:24:09 pong received 
2021/06/04 12:24:10 ping sent
2021/06/04 12:24:10 pong received 
2021/06/04 12:24:10 ping sent
2021/06/04 12:24:10 pong received 
2021/06/04 12:24:16 ping sent
2021/06/04 12:24:16 pong received 
2021/06/04 12:24:19 ping sent
2021/06/04 12:24:19 pong received 
2021/06/04 12:24:20 ping sent
2021/06/04 12:24:20 pong received 
2021/06/04 12:24:20 ping sent
2021/06/04 12:24:20 pong received 
2021/06/04 12:24:26 ping sent
2021/06/04 12:24:26 pong received 
2021/06/04 12:24:29 ping sent
2021/06/04 12:24:29 pong received 
2021/06/04 12:24:30 ping sent
2021/06/04 12:24:30 pong received 
2021/06/04 12:24:30 ping sent
2021/06/04 12:24:30 pong received 
2021/06/04 12:24:36 ping sent
2021/06/04 12:24:36 pong received 
2021/06/04 12:24:39 ping sent
2021/06/04 12:24:39 pong received 
2021/06/04 12:24:40 ping sent
2021/06/04 12:24:40 pong received 
2021/06/04 12:24:40 ping sent
2021/06/04 12:24:40 pong received 
2021/06/04 12:24:46 ping sent
2021/06/04 12:24:46 pong received 
2021/06/04 12:24:49 ping sent
2021/06/04 12:24:49 pong received 
2021/06/04 12:24:50 ping sent
2021/06/04 12:24:50 pong received 
2021/06/04 12:24:50 ping sent
2021/06/04 12:24:50 pong received 
2021/06/04 12:24:56 ping sent
2021/06/04 12:24:56 pong received 
2021/06/04 12:24:59 ping sent
2021/06/04 12:24:59 pong received 
2021/06/04 12:25:00 ping sent
2021/06/04 12:25:00 pong received 
2021/06/04 12:25:00 ping sent
2021/06/04 12:25:00 pong received 
2021/06/04 12:25:06 ping sent
2021/06/04 12:25:06 pong received 
2021/06/04 12:25:09 ping sent
2021/06/04 12:25:09 pong received 
2021/06/04 12:25:10 ping sent
2021/06/04 12:25:10 pong received 
2021/06/04 12:25:10 ping sent
2021/06/04 12:25:10 pong received 
2021/06/04 12:25:16 ping sent
2021/06/04 12:25:16 pong received 
2021/06/04 12:25:19 ping sent
2021/06/04 12:25:19 pong received 
2021/06/04 12:25:20 ping sent
2021/06/04 12:25:20 pong received 
2021/06/04 12:25:20 ping sent
2021/06/04 12:25:20 pong received 
2021/06/04 12:25:26 ping sent
2021/06/04 12:25:26 pong received 
2021/06/04 12:25:29 ping sent
2021/06/04 12:25:29 pong received 
2021/06/04 12:25:30 ping sent
2021/06/04 12:25:30 pong received 
2021/06/04 12:25:30 ping sent
2021/06/04 12:25:30 pong received 
2021/06/04 12:25:36 ping sent
2021/06/04 12:25:36 pong received 
2021/06/04 12:25:39 ping sent
2021/06/04 12:25:39 pong received 
2021/06/04 12:25:40 ping sent
2021/06/04 12:25:40 pong received 
2021/06/04 12:25:40 ping sent
2021/06/04 12:25:40 pong received 
2021/06/04 12:25:46 ping sent
2021/06/04 12:25:46 pong received 
2021/06/04 12:25:49 ping sent
2021/06/04 12:25:49 pong received 
2021/06/04 12:25:50 ping sent
2021/06/04 12:25:50 pong received 
2021/06/04 12:25:50 ping sent
2021/06/04 12:25:50 pong received 
2021/06/04 12:25:56 ping sent
2021/06/04 12:25:56 pong received 
2021/06/04 12:25:59 ping sent
2021/06/04 12:25:59 pong received 
2021/06/04 12:26:00 ping sent
2021/06/04 12:26:00 pong received 
2021/06/04 12:26:00 ping sent
2021/06/04 12:26:00 pong received 
2021/06/04 12:26:06 ping sent
2021/06/04 12:26:06 pong received 
2021/06/04 12:26:09 ping sent
2021/06/04 12:26:09 pong received 
2021/06/04 12:26:10 ping sent
2021/06/04 12:26:10 pong received 
2021/06/04 12:26:10 ping sent
2021/06/04 12:26:10 pong received 
2021/06/04 12:26:16 ping sent
2021/06/04 12:26:16 pong received 
2021/06/04 12:26:19 ping sent
2021/06/04 12:26:19 pong received 
2021/06/04 12:26:20 ping sent
2021/06/04 12:26:20 pong received 
2021/06/04 12:26:20 ping sent
2021/06/04 12:26:20 pong received 
2021/06/04 12:26:26 ping sent
2021/06/04 12:26:26 pong received 
2021/06/04 12:26:29 ping sent
2021/06/04 12:26:29 pong received 
2021/06/04 12:26:30 ping sent
2021/06/04 12:26:30 pong received 
2021/06/04 12:26:30 ping sent
2021/06/04 12:26:30 pong received 
2021/06/04 12:26:36 ping sent
2021/06/04 12:26:36 pong received 
2021/06/04 12:26:39 ping sent
2021/06/04 12:26:39 pong received 
2021/06/04 12:26:40 ping sent
2021/06/04 12:26:40 pong received 
2021/06/04 12:26:40 ping sent
2021/06/04 12:26:40 pong received 
2021/06/04 12:26:46 ping sent
2021/06/04 12:26:46 pong received 
2021/06/04 12:26:49 ping sent
2021/06/04 12:26:49 pong received 
2021/06/04 12:26:50 ping sent
2021/06/04 12:26:50 pong received 
2021/06/04 12:26:50 ping sent
2021/06/04 12:26:50 pong received 
2021/06/04 12:26:56 ping sent
2021/06/04 12:26:56 pong received 
2021/06/04 12:26:59 ping sent
2021/06/04 12:26:59 pong received 
2021/06/04 12:27:00 ping sent
2021/06/04 12:27:00 pong received 
2021/06/04 12:27:00 ping sent
2021/06/04 12:27:00 pong received 
2021/06/04 12:27:06 ping sent
2021/06/04 12:27:06 pong received 
2021/06/04 12:27:09 ping sent
2021/06/04 12:27:09 pong received 
2021/06/04 12:27:10 ping sent
2021/06/04 12:27:10 pong received 
2021/06/04 12:27:10 ping sent
2021/06/04 12:27:10 pong received 
2021/06/04 12:27:16 ping sent
2021/06/04 12:27:16 pong received 
2021/06/04 12:27:19 ping sent
2021/06/04 12:27:19 pong received 
2021/06/04 12:27:20 ping sent
2021/06/04 12:27:20 pong received 
2021/06/04 12:27:20 ping sent
2021/06/04 12:27:20 pong received 
2021/06/04 12:27:26 ping sent
2021/06/04 12:27:26 pong received 
2021/06/04 12:27:29 ping sent
2021/06/04 12:27:29 pong received 
2021/06/04 12:27:30 ping sent
2021/06/04 12:27:30 pong received 
2021/06/04 12:27:30 ping sent
2021/06/04 12:27:30 pong received 
2021/06/04 12:27:36 ping sent
2021/06/04 12:27:36 pong received 
2021/06/04 12:27:39 ping sent
2021/06/04 12:27:39 pong received 
2021/06/04 12:27:40 ping sent
2021/06/04 12:27:40 pong received 
2021/06/04 12:27:40 ping sent
2021/06/04 12:27:40 pong received 
2021/06/04 12:27:46 ping sent
2021/06/04 12:27:46 pong received 
2021/06/04 12:27:49 ping sent
2021/06/04 12:27:49 pong received 
2021/06/04 12:27:50 ping sent
2021/06/04 12:27:50 pong received 
2021/06/04 12:27:50 ping sent
2021/06/04 12:27:50 pong received 
2021/06/04 12:27:56 ping sent
2021/06/04 12:27:56 pong received 
2021/06/04 12:27:59 ping sent
2021/06/04 12:27:59 pong received 
2021/06/04 12:28:00 ping sent
2021/06/04 12:28:00 pong received 
2021/06/04 12:28:00 ping sent
2021/06/04 12:28:00 pong received 
2021/06/04 12:28:06 ping sent
2021/06/04 12:28:06 pong received 
2021/06/04 12:28:09 ping sent
2021/06/04 12:28:09 pong received 
2021/06/04 12:28:10 ping sent
2021/06/04 12:28:10 pong received 
2021/06/04 12:28:10 ping sent
2021/06/04 12:28:10 pong received 
2021/06/04 12:28:16 ping sent
2021/06/04 12:28:16 pong received 
2021/06/04 12:28:19 ping sent
2021/06/04 12:28:19 pong received 
2021/06/04 12:28:20 ping sent
2021/06/04 12:28:20 pong received 
2021/06/04 12:28:20 ping sent
2021/06/04 12:28:20 pong received 
2021/06/04 12:28:26 ping sent
2021/06/04 12:28:26 pong received 
2021/06/04 12:28:29 ping sent
2021/06/04 12:28:29 pong received 
2021/06/04 12:28:30 ping sent
2021/06/04 12:28:30 pong received 
2021/06/04 12:28:30 ping sent
2021/06/04 12:28:30 pong received 
2021/06/04 12:28:36 ping sent
2021/06/04 12:28:36 pong received 
2021/06/04 12:28:39 ping sent
2021/06/04 12:28:39 pong received 
2021/06/04 12:28:40 ping sent
2021/06/04 12:28:40 pong received 
2021/06/04 12:28:40 ping sent
2021/06/04 12:28:40 pong received 
2021/06/04 12:28:46 ping sent
2021/06/04 12:28:46 pong received 
2021/06/04 12:28:49 ping sent
2021/06/04 12:28:49 pong received 
2021/06/04 12:28:50 ping sent
2021/06/04 12:28:50 pong received 
2021/06/04 12:28:50 ping sent
2021/06/04 12:28:50 pong received 
2021/06/04 12:28:56 ping sent
2021/06/04 12:28:56 pong received 
2021/06/04 12:28:59 ping sent
2021/06/04 12:28:59 pong received 
2021/06/04 12:29:00 ping sent
2021/06/04 12:29:00 pong received 
2021/06/04 12:29:00 ping sent
2021/06/04 12:29:00 pong received 
2021/06/04 12:29:06 ping sent
2021/06/04 12:29:06 pong received 
2021/06/04 12:29:09 ping sent
2021/06/04 12:29:09 pong received 
2021/06/04 12:29:10 ping sent
2021/06/04 12:29:10 pong received 
2021/06/04 12:29:10 ping sent
2021/06/04 12:29:10 pong received 
2021/06/04 12:29:16 ping sent
2021/06/04 12:29:16 pong received 
2021/06/04 12:29:19 ping sent
2021/06/04 12:29:19 pong received 
2021/06/04 12:29:20 ping sent
2021/06/04 12:29:20 pong received 
2021/06/04 12:29:20 ping sent
2021/06/04 12:29:20 pong received 
2021/06/04 12:29:26 ping sent
2021/06/04 12:29:26 pong received 
2021/06/04 12:29:29 ping sent
2021/06/04 12:29:29 pong received 
2021/06/04 12:29:30 ping sent
2021/06/04 12:29:30 pong received 
2021/06/04 12:29:30 ping sent
2021/06/04 12:29:30 pong received 
2021/06/04 12:29:36 ping sent
2021/06/04 12:29:36 pong received 
2021/06/04 12:29:39 ping sent
2021/06/04 12:29:39 pong received 
2021/06/04 12:29:40 ping sent
2021/06/04 12:29:40 pong received 
2021/06/04 12:29:40 ping sent
2021/06/04 12:29:40 pong received 
2021/06/04 12:29:46 ping sent
2021/06/04 12:29:46 pong received 
2021/06/04 12:29:49 ping sent
2021/06/04 12:29:49 pong received 
2021/06/04 12:29:50 ping sent
2021/06/04 12:29:50 pong received 
2021/06/04 12:29:50 ping sent
2021/06/04 12:29:50 pong received 
2021/06/04 12:29:56 ping sent
2021/06/04 12:29:56 pong received 
2021/06/04 12:29:59 ping sent
2021/06/04 12:29:59 pong received 
2021/06/04 12:30:00 ping sent
2021/06/04 12:30:00 pong received 
2021/06/04 12:30:00 ping sent
2021/06/04 12:30:00 pong received 
2021/06/04 12:30:06 ping sent
2021/06/04 12:30:06 pong received 
2021/06/04 12:30:09 ping sent
2021/06/04 12:30:09 pong received 
2021/06/04 12:30:10 ping sent
2021/06/04 12:30:10 pong received 
2021/06/04 12:30:10 ping sent
2021/06/04 12:30:10 pong received 
2021/06/04 12:30:16 ping sent
2021/06/04 12:30:16 pong received 
2021/06/04 12:30:19 ping sent
2021/06/04 12:30:19 pong received 
2021/06/04 12:30:20 ping sent
2021/06/04 12:30:20 pong received 
2021/06/04 12:30:20 ping sent
2021/06/04 12:30:20 pong received 
2021/06/04 12:30:26 ping sent
2021/06/04 12:30:26 pong received 
2021/06/04 12:30:29 ping sent
2021/06/04 12:30:29 pong received 
2021/06/04 12:30:30 ping sent
2021/06/04 12:30:30 pong received 
2021/06/04 12:30:30 ping sent
2021/06/04 12:30:30 pong received 
2021/06/04 12:30:36 ping sent
2021/06/04 12:30:36 pong received 
2021/06/04 12:30:39 ping sent
2021/06/04 12:30:39 pong received 
2021/06/04 12:30:40 ping sent
2021/06/04 12:30:40 pong received 
2021/06/04 12:30:40 ping sent
2021/06/04 12:30:40 pong received 
2021/06/04 12:30:46 ping sent
2021/06/04 12:30:46 pong received 
2021/06/04 12:30:49 ping sent
2021/06/04 12:30:49 pong received 
2021/06/04 12:30:50 ping sent
2021/06/04 12:30:50 pong received 
2021/06/04 12:30:50 ping sent
2021/06/04 12:30:50 pong received 
2021/06/04 12:30:56 ping sent
2021/06/04 12:30:56 pong received 
2021/06/04 12:30:59 ping sent
2021/06/04 12:30:59 pong received 
2021/06/04 12:31:00 ping sent
2021/06/04 12:31:00 pong received 
2021/06/04 12:31:00 ping sent
2021/06/04 12:31:00 pong received 
2021/06/04 12:31:06 ping sent
2021/06/04 12:31:06 pong received 
2021/06/04 12:31:09 ping sent
2021/06/04 12:31:09 pong received 
2021/06/04 12:31:10 ping sent
2021/06/04 12:31:10 pong received 
2021/06/04 12:31:10 ping sent
2021/06/04 12:31:10 pong received 
2021/06/04 12:31:16 ping sent
2021/06/04 12:31:16 pong received 
2021/06/04 12:31:19 ping sent
2021/06/04 12:31:19 pong received 
2021/06/04 12:31:20 ping sent
2021/06/04 12:31:20 pong received 
2021/06/04 12:31:20 ping sent
2021/06/04 12:31:20 pong received 
2021/06/04 12:31:26 ping sent
2021/06/04 12:31:26 pong received 
2021/06/04 12:31:29 ping sent
2021/06/04 12:31:29 pong received 
2021/06/04 12:31:30 ping sent
2021/06/04 12:31:30 pong received 
2021/06/04 12:31:30 ping sent
2021/06/04 12:31:30 pong received 
2021/06/04 12:31:36 ping sent
2021/06/04 12:31:36 pong received 
2021/06/04 12:31:39 ping sent
2021/06/04 12:31:39 pong received 
2021/06/04 12:31:40 ping sent
2021/06/04 12:31:40 pong received 
2021/06/04 12:31:40 ping sent
2021/06/04 12:31:40 pong received 
2021/06/04 12:31:46 ping sent
2021/06/04 12:31:46 pong received 
2021/06/04 12:31:49 ping sent
2021/06/04 12:31:49 pong received 
2021/06/04 12:31:50 ping sent
2021/06/04 12:31:50 pong received 
2021/06/04 12:31:50 ping sent
2021/06/04 12:31:50 pong received 
2021/06/04 12:31:56 ping sent
2021/06/04 12:31:56 pong received 
2021/06/04 12:31:59 ping sent
2021/06/04 12:31:59 pong received 
2021/06/04 12:32:00 ping sent
2021/06/04 12:32:00 pong received 
2021/06/04 12:32:00 ping sent
2021/06/04 12:32:00 pong received 
2021/06/04 12:32:06 ping sent
2021/06/04 12:32:06 pong received 
2021/06/04 12:32:09 ping sent
2021/06/04 12:32:09 pong received 
2021/06/04 12:32:10 ping sent
2021/06/04 12:32:10 pong received 
2021/06/04 12:32:10 ping sent
2021/06/04 12:32:10 pong received 
2021/06/04 12:32:16 ping sent
2021/06/04 12:32:16 pong received 
2021/06/04 12:32:19 ping sent
2021/06/04 12:32:19 pong received 
2021/06/04 12:32:20 ping sent
2021/06/04 12:32:20 pong received 
2021/06/04 12:32:20 ping sent
2021/06/04 12:32:20 pong received 
2021/06/04 12:32:26 ping sent
2021/06/04 12:32:26 pong received 
2021/06/04 12:32:29 ping sent
2021/06/04 12:32:29 pong received 
2021/06/04 12:32:30 ping sent
2021/06/04 12:32:30 pong received 
2021/06/04 12:32:30 ping sent
2021/06/04 12:32:30 pong received 
2021/06/04 12:32:36 ping sent
2021/06/04 12:32:36 pong received 
2021/06/04 12:32:39 ping sent
2021/06/04 12:32:39 pong received 
2021/06/04 12:32:40 ping sent
2021/06/04 12:32:40 pong received 
2021/06/04 12:32:40 ping sent
2021/06/04 12:32:40 pong received 
2021/06/04 12:32:46 ping sent
2021/06/04 12:32:46 pong received 
2021/06/04 12:32:49 ping sent
2021/06/04 12:32:49 pong received 
2021/06/04 12:32:50 ping sent
2021/06/04 12:32:50 pong received 
2021/06/04 12:32:50 ping sent
2021/06/04 12:32:50 pong received 
2021/06/04 12:32:56 ping sent
2021/06/04 12:32:56 pong received 
2021/06/04 12:32:59 ping sent
2021/06/04 12:32:59 pong received 
2021/06/04 12:33:00 ping sent
2021/06/04 12:33:00 pong received 
2021/06/04 12:33:00 ping sent
2021/06/04 12:33:00 pong received 
2021/06/04 12:33:06 ping sent
2021/06/04 12:33:06 pong received 
2021/06/04 12:33:09 ping sent
2021/06/04 12:33:09 pong received 
2021/06/04 12:33:10 ping sent
2021/06/04 12:33:10 pong received 
2021/06/04 12:33:10 ping sent
2021/06/04 12:33:10 pong received 
2021/06/04 12:33:16 ping sent
2021/06/04 12:33:16 pong received 
2021/06/04 12:33:19 ping sent
2021/06/04 12:33:19 pong received 
2021/06/04 12:33:20 ping sent
2021/06/04 12:33:20 pong received 
2021/06/04 12:33:20 ping sent
2021/06/04 12:33:20 pong received 
2021/06/04 12:33:26 ping sent
2021/06/04 12:33:26 pong received 
2021/06/04 12:33:29 ping sent
2021/06/04 12:33:29 pong received 
2021/06/04 12:33:30 ping sent
2021/06/04 12:33:30 pong received 
2021/06/04 12:33:30 ping sent
2021/06/04 12:33:30 pong received 
2021/06/04 12:33:36 ping sent
2021/06/04 12:33:36 pong received 
2021/06/04 12:33:39 ping sent
2021/06/04 12:33:39 pong received 
2021/06/04 12:33:40 ping sent
2021/06/04 12:33:40 pong received 
2021/06/04 12:33:40 ping sent
2021/06/04 12:33:40 pong received 
2021/06/04 12:33:46 ping sent
2021/06/04 12:33:46 pong received 
2021/06/04 12:33:49 ping sent
2021/06/04 12:33:49 pong received 
2021/06/04 12:33:50 ping sent
2021/06/04 12:33:50 pong received 
2021/06/04 12:33:50 ping sent
2021/06/04 12:33:50 pong received 
2021/06/04 12:33:56 ping sent
2021/06/04 12:33:56 pong received 
2021/06/04 12:33:59 ping sent
2021/06/04 12:33:59 pong received 
2021/06/04 12:34:00 ping sent
2021/06/04 12:34:00 pong received 
2021/06/04 12:34:00 ping sent
2021/06/04 12:34:00 pong received 
2021/06/04 12:34:06 ping sent
2021/06/04 12:34:06 pong received 
2021/06/04 12:34:09 ping sent
2021/06/04 12:34:09 pong received 
2021/06/04 12:34:10 ping sent
2021/06/04 12:34:10 pong received 
2021/06/04 12:34:10 ping sent
2021/06/04 12:34:10 pong received 
2021/06/04 12:34:16 ping sent
2021/06/04 12:34:16 pong received 
2021/06/04 12:34:19 ping sent
2021/06/04 12:34:19 pong received 
2021/06/04 12:34:20 ping sent
2021/06/04 12:34:20 pong received 
2021/06/04 12:34:20 ping sent
2021/06/04 12:34:20 pong received 
2021/06/04 12:34:26 ping sent
2021/06/04 12:34:26 pong received 
2021/06/04 12:34:29 ping sent
2021/06/04 12:34:29 pong received 
2021/06/04 12:34:30 ping sent
2021/06/04 12:34:30 pong received 
2021/06/04 12:34:30 ping sent
2021/06/04 12:34:30 pong received 
2021/06/04 12:34:36 ping sent
2021/06/04 12:34:36 pong received 
2021/06/04 12:34:39 ping sent
2021/06/04 12:34:39 pong received 
2021/06/04 12:34:40 ping sent
2021/06/04 12:34:40 pong received 
2021/06/04 12:34:40 ping sent
2021/06/04 12:34:40 pong received 
2021/06/04 12:34:43 web sock created Url %s 1622797989560_146.62198215777656
2021/06/04 12:34:46 ping sent
2021/06/04 12:34:46 pong received 
2021/06/04 12:34:48 web sock created Url %s 1622799287665_301.8548560947387
2021/06/04 12:34:58 ping sent
2021/06/04 12:34:58 pong received 
2021/06/04 12:35:08 ping sent
2021/06/04 12:35:08 pong received 
2021/06/04 12:35:18 ping sent
2021/06/04 12:35:18 pong received 
2021/06/04 12:35:28 ping sent
2021/06/04 12:35:28 pong received 
2021/06/04 12:35:38 ping sent
2021/06/04 12:35:38 pong received 
2021/06/04 12:35:48 ping sent
2021/06/04 12:35:48 pong received 
2021/06/04 12:35:58 ping sent
2021/06/04 12:35:58 pong received 
2021/06/04 12:36:08 ping sent
2021/06/04 12:36:08 pong received 
2021/06/04 12:36:18 ping sent
2021/06/04 12:36:18 pong received 
2021/06/04 12:36:18 web sock created Url %s 1622799287665_301.8548560947387
2021/06/04 12:36:28 ping sent
2021/06/04 12:36:28 pong received 
2021/06/04 12:36:28 ping sent
2021/06/04 12:36:28 pong received 
2021/06/04 12:39:43 App Go started
2021/06/04 12:39:43 web sock created Url %s 1622799287665_301.8548560947387
2021/06/04 12:39:43 web sock created Url %s 1622799287665_301.8548560947387
2021/06/04 12:39:53 ping sent
2021/06/04 12:39:53 pong received 
2021/06/04 12:39:53 ping sent
2021/06/04 12:39:53 pong received 
2021/06/04 12:39:57 web sock created Url %s 1622799594615_827.3810400121296
2021/06/04 12:39:59 Url is: %s %s SystemInfo KRT/HOMEPC
2021/06/04 12:39:59 Url is: %s %s Software KRT/HOMEPC
2021/06/04 12:39:59 Url is: %s %s %s 1622799594615_827.3810400121296 KRT/HOMEPC 
2021/06/04 12:40:07 ping sent
2021/06/04 12:40:07 pong received 
2021/06/04 12:40:17 ping sent
2021/06/04 12:40:17 pong received 
2021/06/04 12:40:27 ping sent
2021/06/04 12:40:27 pong received 
2021/06/04 12:40:37 ping sent
2021/06/04 12:40:37 pong received 
2021/06/04 12:40:47 ping sent
2021/06/04 12:40:47 pong received 
2021/06/04 12:40:57 ping sent
2021/06/04 12:40:57 pong received 
2021/06/04 12:41:07 ping sent
2021/06/04 12:41:07 pong received 
2021/06/04 12:41:17 ping sent
2021/06/04 12:41:17 pong received 
2021/06/04 12:41:27 ping sent
2021/06/04 12:41:27 pong received 
2021/06/04 12:41:37 ping sent
2021/06/04 12:41:37 pong received 
2021/06/04 12:41:47 ping sent
2021/06/04 12:41:47 pong received 
2021/06/04 12:41:57 ping sent
2021/06/04 12:41:57 pong received 
2021/06/04 12:42:07 ping sent
2021/06/04 12:42:07 pong received 
2021/06/04 12:42:17 ping sent
2021/06/04 12:42:17 pong received 
2021/06/04 12:42:27 ping sent
2021/06/04 12:42:27 pong received 
2021/06/04 12:42:37 ping sent
2021/06/04 12:42:37 pong received 
2021/06/04 12:42:47 ping sent
2021/06/04 12:42:47 pong received 
2021/06/04 12:42:49 web sock created Url %s 1622799768532_563.3786077335345
2021/06/04 12:42:51  no connection for  %s 1622799594615_827.3810400121296
2021/06/04 12:42:51 removed absent connection for  %s 1622799594615_827.3810400121296
2021/06/04 12:42:53 Url is: %s %s SystemInfo KRT/HOMEPC
2021/06/04 12:42:53 Url is: %s %s Software KRT/HOMEPC
2021/06/04 12:42:53 Url is: %s %s %s 1622799768532_563.3786077335345 KRT/HOMEPC 
2021/06/04 12:42:59 ping sent
2021/06/04 12:42:59 pong received 
2021/06/04 12:43:09 ping sent
2021/06/04 12:43:09 pong received 
2021/06/04 12:43:19 ping sent
2021/06/04 12:43:19 pong received 
2021/06/04 12:43:29 ping sent
2021/06/04 12:43:29 pong received 
2021/06/04 12:43:39 ping sent
2021/06/04 12:43:39 pong received 
2021/06/04 12:43:49 ping sent
2021/06/04 12:43:49 pong received 
2021/06/04 12:43:59 ping sent
2021/06/04 12:43:59 pong received 
2021/06/04 12:44:09 ping sent
2021/06/04 12:44:09 pong received 
2021/06/04 12:44:19 ping sent
2021/06/04 12:44:19 pong received 
2021/06/04 12:44:29 ping sent
2021/06/04 12:44:29 pong received 
2021/06/04 12:44:35 web sock created Url %s 1622799874582_137.70142589481037
2021/06/04 12:44:36  no connection for  %s 1622799768532_563.3786077335345
2021/06/04 12:44:36 removed absent connection for  %s 1622799768532_563.3786077335345
2021/06/04 12:44:39 Url is: %s %s SystemInfo KRT/HOMEPC
2021/06/04 12:44:39 Url is: %s %s Software KRT/HOMEPC
2021/06/04 12:44:39 Url is: %s %s %s 1622799874582_137.70142589481037 KRT/HOMEPC 
2021/06/04 12:44:45 ping sent
2021/06/04 12:44:45 pong received 
2021/06/04 12:44:55 ping sent
2021/06/04 12:44:55 pong received 
2021/06/04 12:45:05 ping sent
2021/06/04 12:45:05 pong received 
2021/06/04 12:45:15 ping sent
2021/06/04 12:45:15 pong received 
2021/06/04 12:45:25 ping sent
2021/06/04 12:45:25 pong received 
2021/06/04 12:45:35 ping sent
2021/06/04 12:45:35 pong received 
2021/06/04 12:45:45 ping sent
2021/06/04 12:45:45 pong received 
2021/06/04 12:45:55 ping sent
2021/06/04 12:45:55 pong received 
2021/06/04 12:46:05 ping sent
2021/06/04 12:46:05 pong received 
2021/06/04 12:46:15 ping sent
2021/06/04 12:46:15 pong received 
2021/06/04 12:46:25 ping sent
2021/06/04 12:46:25 pong received 
2021/06/04 12:46:35 ping sent
2021/06/04 12:46:35 pong received 
2021/06/04 12:46:45 ping sent
2021/06/04 12:46:45 pong received 
2021/06/04 12:46:55 ping sent
2021/06/04 12:46:55 pong received 
2021/06/04 12:47:05 ping sent
2021/06/04 12:47:05 pong received 
